Removing 96 mutations with major copy number zero
Tumour content column not found. Setting values to 1.0.

Samples: CHORANGIOMA NORM_VILLI
Num mutations: 12690
Performing restart 0
Setting annealing factor to : 1.0

Iteration: 0
ELBO: -4466560.461856088
Number of clusters used: 40

Fitting completed
ELBO: -22932.297602019436
Number of clusters used: 3

Performing restart 1
Setting annealing factor to : 1.0

Iteration: 0
ELBO: -1356355.8782355508
Number of clusters used: 40

Fitting completed
ELBO: -22936.64597239348
Number of clusters used: 3

Performing restart 2
Setting annealing factor to : 1.0

Iteration: 0
ELBO: -2817448.836176873
Number of clusters used: 40

Fitting completed
ELBO: -22926.354000751762
Number of clusters used: 3

Performing restart 3
Setting annealing factor to : 1.0

Iteration: 0
ELBO: -3182461.8548698863
Number of clusters used: 40

Fitting completed
ELBO: -22917.113663287462
Number of clusters used: 3

Performing restart 4
Setting annealing factor to : 1.0

Iteration: 0
ELBO: -3814586.5910519576
Number of clusters used: 40

Fitting completed
ELBO: -22936.96532666515
Number of clusters used: 3

Performing restart 5
Setting annealing factor to : 1.0

Iteration: 0
ELBO: -2015032.0835025487
Number of clusters used: 40

Fitting completed
ELBO: -22924.92235451786
Number of clusters used: 3

Performing restart 6
Setting annealing factor to : 1.0

Iteration: 0
ELBO: -6528253.8622147245
Number of clusters used: 40

Fitting completed
ELBO: -22925.627649707312
Number of clusters used: 3

Performing restart 7
Setting annealing factor to : 1.0

Iteration: 0
ELBO: -1991230.2906792192
Number of clusters used: 40

Fitting completed
ELBO: -22920.425109230335
Number of clusters used: 3

Performing restart 8
Setting annealing factor to : 1.0

Iteration: 0
ELBO: -1971229.987911499
Number of clusters used: 40

Fitting completed
ELBO: -22928.93018513349
Number of clusters used: 5

Performing restart 9
Setting annealing factor to : 1.0

Iteration: 0
ELBO: -2398719.394676663
Number of clusters used: 40

Fitting completed
ELBO: -22934.682409517056
Number of clusters used: 2

Performing restart 10
Setting annealing factor to : 1.0

Iteration: 0
ELBO: -1815759.9560720376
Number of clusters used: 40

Fitting completed
ELBO: -22945.80761098781
Number of clusters used: 4

Performing restart 11
Setting annealing factor to : 1.0

Iteration: 0
ELBO: -1762988.6941473521
Number of clusters used: 40

Fitting completed
ELBO: -22923.667942593864
Number of clusters used: 4

Performing restart 12
Setting annealing factor to : 1.0

Iteration: 0
ELBO: -4034949.7899779878
Number of clusters used: 40

Fitting completed
ELBO: -22917.177939962017
Number of clusters used: 4

Performing restart 13
Setting annealing factor to : 1.0

Iteration: 0
ELBO: -3197348.5343911066
Number of clusters used: 40

Fitting completed
ELBO: -22919.622051871327
Number of clusters used: 3

Performing restart 14
Setting annealing factor to : 1.0

Iteration: 0
ELBO: -1591186.9074964512
Number of clusters used: 40

Fitting completed
ELBO: -22930.596481492812
Number of clusters used: 2

Performing restart 15
Setting annealing factor to : 1.0

Iteration: 0
ELBO: -7609018.898349604
Number of clusters used: 40

Fitting completed
ELBO: -22930.359329937353
Number of clusters used: 3

Performing restart 16
Setting annealing factor to : 1.0

Iteration: 0
ELBO: -1205306.4159398598
Number of clusters used: 40

Fitting completed
ELBO: -22916.95058179114
Number of clusters used: 3

Performing restart 17
Setting annealing factor to : 1.0

Iteration: 0
ELBO: -1215984.4124082513
Number of clusters used: 40

Fitting completed
ELBO: -22930.139552491964
Number of clusters used: 3

Performing restart 18
Setting annealing factor to : 1.0

Iteration: 0
ELBO: -1919584.3975836202
Number of clusters used: 40

Fitting completed
ELBO: -22927.486354549386
Number of clusters used: 5

Performing restart 19
Setting annealing factor to : 1.0

Iteration: 0
ELBO: -1917833.184117985
Number of clusters used: 40

Fitting completed
ELBO: -22931.48155150169
Number of clusters used: 3

Performing restart 20
Setting annealing factor to : 1.0

Iteration: 0
ELBO: -15743145.719014086
Number of clusters used: 40

Fitting completed
ELBO: -22919.21032098136
Number of clusters used: 4

Performing restart 21
Setting annealing factor to : 1.0

Iteration: 0
ELBO: -5829198.918014169
Number of clusters used: 40

Fitting completed
ELBO: -22912.944935090316
Number of clusters used: 4

Performing restart 22
Setting annealing factor to : 1.0

Iteration: 0
ELBO: -1968952.9444101604
Number of clusters used: 40

Fitting completed
ELBO: -22975.498365756604
Number of clusters used: 4

Performing restart 23
Setting annealing factor to : 1.0

Iteration: 0
ELBO: -2947598.1241053087
Number of clusters used: 40

Fitting completed
ELBO: -22947.422449386897
Number of clusters used: 4

Performing restart 24
Setting annealing factor to : 1.0

Iteration: 0
ELBO: -1529710.71798508
Number of clusters used: 40

Fitting completed
ELBO: -22917.11404244993
Number of clusters used: 3

Performing restart 25
Setting annealing factor to : 1.0

Iteration: 0
ELBO: -1708512.556468606
Number of clusters used: 40

Fitting completed
ELBO: -22931.427159671057
Number of clusters used: 3

Performing restart 26
Setting annealing factor to : 1.0

Iteration: 0
ELBO: -1416868.159349936
Number of clusters used: 40

Fitting completed
ELBO: -22974.894418405467
Number of clusters used: 4

Performing restart 27
Setting annealing factor to : 1.0

Iteration: 0
ELBO: -1824309.5877396532
Number of clusters used: 40

Fitting completed
ELBO: -22935.041976955283
Number of clusters used: 2

Performing restart 28
Setting annealing factor to : 1.0

Iteration: 0
ELBO: -1255947.471485429
Number of clusters used: 40

Fitting completed
ELBO: -22927.896462855842
Number of clusters used: 3

Performing restart 29
Setting annealing factor to : 1.0

Iteration: 0
ELBO: -3242987.892895729
Number of clusters used: 40

Fitting completed
ELBO: -22925.702678405418
Number of clusters used: 3

Performing restart 30
Setting annealing factor to : 1.0

Iteration: 0
ELBO: -3581139.521053311
Number of clusters used: 40

Fitting completed
ELBO: -22927.917167437583
Number of clusters used: 3

Performing restart 31
Setting annealing factor to : 1.0

Iteration: 0
ELBO: -1027175.308538903
Number of clusters used: 40

Fitting completed
ELBO: -22916.949610349162
Number of clusters used: 3

Performing restart 32
Setting annealing factor to : 1.0

Iteration: 0
ELBO: -1364181.017284911
Number of clusters used: 40

Fitting completed
ELBO: -22931.052888037993
Number of clusters used: 3

Performing restart 33
Setting annealing factor to : 1.0

Iteration: 0
ELBO: -2522112.5914049014
Number of clusters used: 40

Fitting completed
ELBO: -22930.328234401437
Number of clusters used: 3

Performing restart 34
Setting annealing factor to : 1.0

Iteration: 0
ELBO: -1621258.8119889617
Number of clusters used: 40

Fitting completed
ELBO: -22966.882172346726
Number of clusters used: 5

Performing restart 35
Setting annealing factor to : 1.0

Iteration: 0
ELBO: -1531794.2712659782
Number of clusters used: 40

Fitting completed
ELBO: -22915.47530120856
Number of clusters used: 4

Performing restart 36
Setting annealing factor to : 1.0

Iteration: 0
ELBO: -1436484.1129265055
Number of clusters used: 40

Fitting completed
ELBO: -22949.34542456671
Number of clusters used: 5

Performing restart 37
Setting annealing factor to : 1.0

Iteration: 0
ELBO: -1415925.76469861
Number of clusters used: 40

Fitting completed
ELBO: -22927.369756380147
Number of clusters used: 3

Performing restart 38
Setting annealing factor to : 1.0

Iteration: 0
ELBO: -2557560.4164985595
Number of clusters used: 40

Fitting completed
ELBO: -22943.11143698636
Number of clusters used: 4

Performing restart 39
Setting annealing factor to : 1.0

Iteration: 0
ELBO: -2229892.517138058
Number of clusters used: 40

Fitting completed
ELBO: -22922.720972377327
Number of clusters used: 5

Performing restart 40
Setting annealing factor to : 1.0

Iteration: 0
ELBO: -3511917.2640802013
Number of clusters used: 40

Fitting completed
ELBO: -22960.25866666402
Number of clusters used: 6

Performing restart 41
Setting annealing factor to : 1.0

Iteration: 0
ELBO: -3428962.0859527336
Number of clusters used: 40

Fitting completed
ELBO: -22920.5718248509
Number of clusters used: 3

Performing restart 42
Setting annealing factor to : 1.0

Iteration: 0
ELBO: -2064218.1783640687
Number of clusters used: 40

Fitting completed
ELBO: -22934.457961433116
Number of clusters used: 5

Performing restart 43
Setting annealing factor to : 1.0

Iteration: 0
ELBO: -2799922.806956488
Number of clusters used: 40

Fitting completed
ELBO: -22919.90921884109
Number of clusters used: 3

Performing restart 44
Setting annealing factor to : 1.0

Iteration: 0
ELBO: -20850540.7659031
Number of clusters used: 40

Fitting completed
ELBO: -22925.474123696913
Number of clusters used: 3

Performing restart 45
Setting annealing factor to : 1.0

Iteration: 0
ELBO: -2671031.0065937783
Number of clusters used: 40

Fitting completed
ELBO: -22921.41671512721
Number of clusters used: 3

Performing restart 46
Setting annealing factor to : 1.0

Iteration: 0
ELBO: -3288788.2569950502
Number of clusters used: 40

Fitting completed
ELBO: -22921.643531837093
Number of clusters used: 4

Performing restart 47
Setting annealing factor to : 1.0

Iteration: 0
ELBO: -2246226.917498719
Number of clusters used: 40

Fitting completed
ELBO: -22925.110546617478
Number of clusters used: 3

Performing restart 48
Setting annealing factor to : 1.0

Iteration: 0
ELBO: -1967985.212463934
Number of clusters used: 40

Fitting completed
ELBO: -22948.769394930354
Number of clusters used: 4

Performing restart 49
Setting annealing factor to : 1.0

Iteration: 0
ELBO: -1727553.6639225986
Number of clusters used: 40

Fitting completed
ELBO: -22944.149732279366
Number of clusters used: 4

Performing restart 50
Setting annealing factor to : 1.0

Iteration: 0
ELBO: -4271088.0495318435
Number of clusters used: 40

Fitting completed
ELBO: -22923.389636914984
Number of clusters used: 5

Performing restart 51
Setting annealing factor to : 1.0

Iteration: 0
ELBO: -1882603.6626467349
Number of clusters used: 40

Fitting completed
ELBO: -22917.113724945008
Number of clusters used: 3

Performing restart 52
Setting annealing factor to : 1.0

Iteration: 0
ELBO: -1667320.9780778307
Number of clusters used: 40

Fitting completed
ELBO: -22948.560843560474
Number of clusters used: 4

Performing restart 53
Setting annealing factor to : 1.0

Iteration: 0
ELBO: -2721358.285253852
Number of clusters used: 40

Fitting completed
ELBO: -22925.16855508794
Number of clusters used: 3

Performing restart 54
Setting annealing factor to : 1.0

Iteration: 0
ELBO: -1797783.221101916
Number of clusters used: 40

Fitting completed
ELBO: -22925.66535177985
Number of clusters used: 3

Performing restart 55
Setting annealing factor to : 1.0

Iteration: 0
ELBO: -2000245.307606294
Number of clusters used: 40

Fitting completed
ELBO: -22926.38319588191
Number of clusters used: 2

Performing restart 56
Setting annealing factor to : 1.0

Iteration: 0
ELBO: -1726485.7756257246
Number of clusters used: 40

Fitting completed
ELBO: -22929.355913115764
Number of clusters used: 4

Performing restart 57
Setting annealing factor to : 1.0

Iteration: 0
ELBO: -1151034.910240768
Number of clusters used: 40

Fitting completed
ELBO: -22927.031499849636
Number of clusters used: 3

Performing restart 58
Setting annealing factor to : 1.0

Iteration: 0
ELBO: -1575738.5209156096
Number of clusters used: 40

Fitting completed
ELBO: -22917.11605216771
Number of clusters used: 4

Performing restart 59
Setting annealing factor to : 1.0

Iteration: 0
ELBO: -1551872.2168177443
Number of clusters used: 40

Fitting completed
ELBO: -22929.639491269147
Number of clusters used: 3

Performing restart 60
Setting annealing factor to : 1.0

Iteration: 0
ELBO: -3657632.6005224492
Number of clusters used: 40

Fitting completed
ELBO: -22943.38380817502
Number of clusters used: 5

Performing restart 61
Setting annealing factor to : 1.0

Iteration: 0
ELBO: -1235803.9486332322
Number of clusters used: 40

Fitting completed
ELBO: -22918.844022670513
Number of clusters used: 5

Performing restart 62
Setting annealing factor to : 1.0

Iteration: 0
ELBO: -4210869.616689017
Number of clusters used: 40

Fitting completed
ELBO: -22930.290853313083
Number of clusters used: 3

Performing restart 63
Setting annealing factor to : 1.0

Iteration: 0
ELBO: -1398774.744913293
Number of clusters used: 40

Fitting completed
ELBO: -22953.26805359895
Number of clusters used: 4

Performing restart 64
Setting annealing factor to : 1.0

Iteration: 0
ELBO: -1949091.103308469
Number of clusters used: 40

Fitting completed
ELBO: -22917.349939769316
Number of clusters used: 4

Performing restart 65
Setting annealing factor to : 1.0

Iteration: 0
ELBO: -4426605.733831368
Number of clusters used: 40

Fitting completed
ELBO: -22930.44957909856
Number of clusters used: 2

Performing restart 66
Setting annealing factor to : 1.0

Iteration: 0
ELBO: -2292233.714040718
Number of clusters used: 40

Fitting completed
ELBO: -22928.77551225144
Number of clusters used: 3

Performing restart 67
Setting annealing factor to : 1.0

Iteration: 0
ELBO: -7949512.712602574
Number of clusters used: 40

Fitting completed
ELBO: -22931.310983680756
Number of clusters used: 2

Performing restart 68
Setting annealing factor to : 1.0

Iteration: 0
ELBO: -3376858.880164983
Number of clusters used: 40

Fitting completed
ELBO: -22929.183333650835
Number of clusters used: 3

Performing restart 69
Setting annealing factor to : 1.0

Iteration: 0
ELBO: -7084878.831281214
Number of clusters used: 40

Fitting completed
ELBO: -22916.962695024886
Number of clusters used: 4

Performing restart 70
Setting annealing factor to : 1.0

Iteration: 0
ELBO: -3161979.9231678657
Number of clusters used: 40

Fitting completed
ELBO: -22928.550367879863
Number of clusters used: 3

Performing restart 71
Setting annealing factor to : 1.0

Iteration: 0
ELBO: -10200308.92382819
Number of clusters used: 40

Fitting completed
ELBO: -22942.093571611007
Number of clusters used: 4

Performing restart 72
Setting annealing factor to : 1.0

Iteration: 0
ELBO: -1292797.5168402037
Number of clusters used: 40

Fitting completed
ELBO: -22924.65987149538
Number of clusters used: 4

Performing restart 73
Setting annealing factor to : 1.0

Iteration: 0
ELBO: -12118537.817598796
Number of clusters used: 40

Fitting completed
ELBO: -22928.833094841517
Number of clusters used: 3

Performing restart 74
Setting annealing factor to : 1.0

Iteration: 0
ELBO: -69229980.5358882
Number of clusters used: 40

Fitting completed
ELBO: -22926.090420745328
Number of clusters used: 4

Performing restart 75
Setting annealing factor to : 1.0

Iteration: 0
ELBO: -16588478.75665399
Number of clusters used: 40

Fitting completed
ELBO: -22928.277749383255
Number of clusters used: 3

Performing restart 76
Setting annealing factor to : 1.0

Iteration: 0
ELBO: -1478745.1057746646
Number of clusters used: 40

Fitting completed
ELBO: -22932.059192050925
Number of clusters used: 2

Performing restart 77
Setting annealing factor to : 1.0

Iteration: 0
ELBO: -2305549.567328915
Number of clusters used: 40

Fitting completed
ELBO: -22924.7675852357
Number of clusters used: 4

Performing restart 78
Setting annealing factor to : 1.0

Iteration: 0
ELBO: -4015308.321973057
Number of clusters used: 40

Fitting completed
ELBO: -22930.545755136212
Number of clusters used: 3

Performing restart 79
Setting annealing factor to : 1.0

Iteration: 0
ELBO: -2801350.1583559522
Number of clusters used: 40

Fitting completed
ELBO: -22932.598670957985
Number of clusters used: 5

Performing restart 80
Setting annealing factor to : 1.0

Iteration: 0
ELBO: -1617153.2875827912
Number of clusters used: 40

Fitting completed
ELBO: -22924.267569958756
Number of clusters used: 3

Performing restart 81
Setting annealing factor to : 1.0

Iteration: 0
ELBO: -1544905.811140428
Number of clusters used: 40

Fitting completed
ELBO: -22917.011303612155
Number of clusters used: 4

Performing restart 82
Setting annealing factor to : 1.0

Iteration: 0
ELBO: -2327729.0110687437
Number of clusters used: 40

Fitting completed
ELBO: -22931.924467035442
Number of clusters used: 5

Performing restart 83
Setting annealing factor to : 1.0

Iteration: 0
ELBO: -1781762.790102219
Number of clusters used: 40

Fitting completed
ELBO: -22952.88569206745
Number of clusters used: 4

Performing restart 84
Setting annealing factor to : 1.0

Iteration: 0
ELBO: -4732004.7894033035
Number of clusters used: 40

Fitting completed
ELBO: -22952.49854450808
Number of clusters used: 4

Performing restart 85
Setting annealing factor to : 1.0

Iteration: 0
ELBO: -10541578.709231313
Number of clusters used: 40

Fitting completed
ELBO: -22921.33916315853
Number of clusters used: 3

Performing restart 86
Setting annealing factor to : 1.0

Iteration: 0
ELBO: -2697244.4521169066
Number of clusters used: 40

Fitting completed
ELBO: -22919.84680966174
Number of clusters used: 4

Performing restart 87
Setting annealing factor to : 1.0

Iteration: 0
ELBO: -1409150.7894066225
Number of clusters used: 40

Fitting completed
ELBO: -22921.518143969515
Number of clusters used: 3

Performing restart 88
Setting annealing factor to : 1.0

Iteration: 0
ELBO: -10299956.623457327
Number of clusters used: 40

Fitting completed
ELBO: -22931.03591345425
Number of clusters used: 2

Performing restart 89
Setting annealing factor to : 1.0

Iteration: 0
ELBO: -2055988.0917936808
Number of clusters used: 40

Fitting completed
ELBO: -22926.174712690357
Number of clusters used: 5

Performing restart 90
Setting annealing factor to : 1.0

Iteration: 0
ELBO: -2599194.579914955
Number of clusters used: 40

Fitting completed
ELBO: -22923.606035900673
Number of clusters used: 4

Performing restart 91
Setting annealing factor to : 1.0

Iteration: 0
ELBO: -3866663.6050940766
Number of clusters used: 40

Fitting completed
ELBO: -22928.98133920091
Number of clusters used: 3

Performing restart 92
Setting annealing factor to : 1.0

Iteration: 0
ELBO: -1232699.541522446
Number of clusters used: 40

Fitting completed
ELBO: -22929.954341639215
Number of clusters used: 3

Performing restart 93
Setting annealing factor to : 1.0

Iteration: 0
ELBO: -2898564.2651303317
Number of clusters used: 40

Fitting completed
ELBO: -22933.712684808215
Number of clusters used: 3

Performing restart 94
Setting annealing factor to : 1.0

Iteration: 0
ELBO: -8336136.9350980045
Number of clusters used: 40

Fitting completed
ELBO: -22932.508434246723
Number of clusters used: 3

Performing restart 95
Setting annealing factor to : 1.0

Iteration: 0
ELBO: -13103026.526545389
Number of clusters used: 40

Fitting completed
ELBO: -22933.917555856486
Number of clusters used: 5

Performing restart 96
Setting annealing factor to : 1.0

Iteration: 0
ELBO: -2725566.575700733
Number of clusters used: 40

Fitting completed
ELBO: -22937.692341211387
Number of clusters used: 3

Performing restart 97
Setting annealing factor to : 1.0

Iteration: 0
ELBO: -1613029.1264969588
Number of clusters used: 40

Fitting completed
ELBO: -22921.882280640006
Number of clusters used: 3

Performing restart 98
Setting annealing factor to : 1.0

Iteration: 0
ELBO: -3118152.3372459053
Number of clusters used: 40

Fitting completed
ELBO: -22936.106543884318
Number of clusters used: 3

Performing restart 99
Setting annealing factor to : 1.0

Iteration: 0
ELBO: -1600636.2773011287
Number of clusters used: 40

Fitting completed
ELBO: -22920.537897822054
Number of clusters used: 3

All restarts completed
Final ELBO: -22912.944935090316
Number of clusters used: 4
