Removing 173 mutations with major copy number zero
Tumour content column not found. Setting values to 1.0.

Samples: CHORANGIOMA NORM_VILLI
Num mutations: 25583
Performing restart 0
Setting annealing factor to : 1.0

Iteration: 0
ELBO: -12479651.38266467
Number of clusters used: 40

Fitting completed
ELBO: -47229.28264856977
Number of clusters used: 3

Performing restart 1
Setting annealing factor to : 1.0

Iteration: 0
ELBO: -3428926.1555201085
Number of clusters used: 40

Fitting completed
ELBO: -47225.24898772186
Number of clusters used: 3

Performing restart 2
Setting annealing factor to : 1.0

Iteration: 0
ELBO: -17256871.33405178
Number of clusters used: 40

Fitting completed
ELBO: -47231.24918840027
Number of clusters used: 2

Performing restart 3
Setting annealing factor to : 1.0

Iteration: 0
ELBO: -3658814.1822127565
Number of clusters used: 40

Fitting completed
ELBO: -47221.46597164699
Number of clusters used: 3

Performing restart 4
Setting annealing factor to : 1.0

Iteration: 0
ELBO: -5032482.612607258
Number of clusters used: 40

Fitting completed
ELBO: -47223.90147097121
Number of clusters used: 2

Performing restart 5
Setting annealing factor to : 1.0

Iteration: 0
ELBO: -7835818.047191645
Number of clusters used: 40

Fitting completed
ELBO: -47235.62185851836
Number of clusters used: 5

Performing restart 6
Setting annealing factor to : 1.0

Iteration: 0
ELBO: -5594067.806386782
Number of clusters used: 40

Fitting completed
ELBO: -47231.8232152431
Number of clusters used: 4

Performing restart 7
Setting annealing factor to : 1.0

Iteration: 0
ELBO: -4334786.831289873
Number of clusters used: 40

Fitting completed
ELBO: -47223.95442680816
Number of clusters used: 3

Performing restart 8
Setting annealing factor to : 1.0

Iteration: 0
ELBO: -8596630.876609048
Number of clusters used: 40

Fitting completed
ELBO: -47219.066235195634
Number of clusters used: 2

Performing restart 9
Setting annealing factor to : 1.0

Iteration: 0
ELBO: -2663316.88677844
Number of clusters used: 40

Fitting completed
ELBO: -47226.69592567127
Number of clusters used: 2

Performing restart 10
Setting annealing factor to : 1.0

Iteration: 0
ELBO: -4881704.812824367
Number of clusters used: 40

Fitting completed
ELBO: -47233.267584029265
Number of clusters used: 3

Performing restart 11
Setting annealing factor to : 1.0

Iteration: 0
ELBO: -7260574.968151985
Number of clusters used: 40

Fitting completed
ELBO: -47226.37854888207
Number of clusters used: 3

Performing restart 12
Setting annealing factor to : 1.0

Iteration: 0
ELBO: -9632351.202757329
Number of clusters used: 40

Fitting completed
ELBO: -47228.93060641133
Number of clusters used: 2

Performing restart 13
Setting annealing factor to : 1.0

Iteration: 0
ELBO: -6098462.494152652
Number of clusters used: 40

Fitting completed
ELBO: -47234.02660467924
Number of clusters used: 3

Performing restart 14
Setting annealing factor to : 1.0

Iteration: 0
ELBO: -4466092.948287947
Number of clusters used: 40

Fitting completed
ELBO: -47220.33107980957
Number of clusters used: 3

Performing restart 15
Setting annealing factor to : 1.0

Iteration: 0
ELBO: -37455995.406167455
Number of clusters used: 40

Fitting completed
ELBO: -47223.7332018927
Number of clusters used: 2

Performing restart 16
Setting annealing factor to : 1.0

Iteration: 0
ELBO: -2851589.5985891884
Number of clusters used: 40

Fitting completed
ELBO: -47227.87996289895
Number of clusters used: 3

Performing restart 17
Setting annealing factor to : 1.0

Iteration: 0
ELBO: -3967114.5218633297
Number of clusters used: 40

Fitting completed
ELBO: -47234.408279901974
Number of clusters used: 2

Performing restart 18
Setting annealing factor to : 1.0

Iteration: 0
ELBO: -3298087.8936658883
Number of clusters used: 40

Fitting completed
ELBO: -47226.8456907282
Number of clusters used: 3

Performing restart 19
Setting annealing factor to : 1.0

Iteration: 0
ELBO: -2942914.9858229854
Number of clusters used: 40

Fitting completed
ELBO: -47231.670186340445
Number of clusters used: 3

Performing restart 20
Setting annealing factor to : 1.0

Iteration: 0
ELBO: -3546147.773724715
Number of clusters used: 40

Fitting completed
ELBO: -47208.556278892196
Number of clusters used: 4

Performing restart 21
Setting annealing factor to : 1.0

Iteration: 0
ELBO: -5284160.543300989
Number of clusters used: 40

Fitting completed
ELBO: -47230.877044756635
Number of clusters used: 3

Performing restart 22
Setting annealing factor to : 1.0

Iteration: 0
ELBO: -5280377.6745789815
Number of clusters used: 40

Fitting completed
ELBO: -47225.61199297521
Number of clusters used: 3

Performing restart 23
Setting annealing factor to : 1.0

Iteration: 0
ELBO: -6897510.429077197
Number of clusters used: 40

Fitting completed
ELBO: -47228.943446408666
Number of clusters used: 3

Performing restart 24
Setting annealing factor to : 1.0

Iteration: 0
ELBO: -7306002.356238057
Number of clusters used: 40

Fitting completed
ELBO: -47222.64675261546
Number of clusters used: 4

Performing restart 25
Setting annealing factor to : 1.0

Iteration: 0
ELBO: -4072750.2767819148
Number of clusters used: 40

Fitting completed
ELBO: -47222.10385937891
Number of clusters used: 4

Performing restart 26
Setting annealing factor to : 1.0

Iteration: 0
ELBO: -5497851.094943045
Number of clusters used: 40

Fitting completed
ELBO: -47223.99156312276
Number of clusters used: 4

Performing restart 27
Setting annealing factor to : 1.0

Iteration: 0
ELBO: -3002344.1747644707
Number of clusters used: 40

Fitting completed
ELBO: -47228.90093373462
Number of clusters used: 3

Performing restart 28
Setting annealing factor to : 1.0

Iteration: 0
ELBO: -2718168.606055239
Number of clusters used: 40

Fitting completed
ELBO: -47227.63698619885
Number of clusters used: 2

Performing restart 29
Setting annealing factor to : 1.0

Iteration: 0
ELBO: -10001055.475800287
Number of clusters used: 40

Fitting completed
ELBO: -47238.4049927655
Number of clusters used: 4

Performing restart 30
Setting annealing factor to : 1.0

Iteration: 0
ELBO: -4997693.3179601785
Number of clusters used: 40

Fitting completed
ELBO: -47223.19003008531
Number of clusters used: 3

Performing restart 31
Setting annealing factor to : 1.0

Iteration: 0
ELBO: -3436718.8725100146
Number of clusters used: 40

Fitting completed
ELBO: -47215.074852068006
Number of clusters used: 3

Performing restart 32
Setting annealing factor to : 1.0

Iteration: 0
ELBO: -2623032.688668927
Number of clusters used: 40

Fitting completed
ELBO: -47227.91140611741
Number of clusters used: 2

Performing restart 33
Setting annealing factor to : 1.0

Iteration: 0
ELBO: -4485149.5359505
Number of clusters used: 40

Fitting completed
ELBO: -47238.24877436842
Number of clusters used: 5

Performing restart 34
Setting annealing factor to : 1.0

Iteration: 0
ELBO: -4441115.110023239
Number of clusters used: 40

Fitting completed
ELBO: -47229.328312615966
Number of clusters used: 3

Performing restart 35
Setting annealing factor to : 1.0

Iteration: 0
ELBO: -3201819.619178913
Number of clusters used: 40

Fitting completed
ELBO: -47232.774628982435
Number of clusters used: 4

Performing restart 36
Setting annealing factor to : 1.0

Iteration: 0
ELBO: -9183327.665652815
Number of clusters used: 40

Fitting completed
ELBO: -47223.78152061337
Number of clusters used: 3

Performing restart 37
Setting annealing factor to : 1.0

Iteration: 0
ELBO: -5969527.963101279
Number of clusters used: 40

Fitting completed
ELBO: -47220.00292293105
Number of clusters used: 2

Performing restart 38
Setting annealing factor to : 1.0

Iteration: 0
ELBO: -2937190.3044475717
Number of clusters used: 40

Fitting completed
ELBO: -47225.11077437438
Number of clusters used: 2

Performing restart 39
Setting annealing factor to : 1.0

Iteration: 0
ELBO: -3425477.098571959
Number of clusters used: 40

Fitting completed
ELBO: -47220.98410958433
Number of clusters used: 2

Performing restart 40
Setting annealing factor to : 1.0

Iteration: 0
ELBO: -2901861.183704953
Number of clusters used: 40

Fitting completed
ELBO: -47232.19090713518
Number of clusters used: 3

Performing restart 41
Setting annealing factor to : 1.0

Iteration: 0
ELBO: -4220566.691761028
Number of clusters used: 40

Fitting completed
ELBO: -47225.3007312927
Number of clusters used: 3

Performing restart 42
Setting annealing factor to : 1.0

Iteration: 0
ELBO: -4770516.863236745
Number of clusters used: 40

Fitting completed
ELBO: -47220.03722745201
Number of clusters used: 2

Performing restart 43
Setting annealing factor to : 1.0

Iteration: 0
ELBO: -2275129.959402273
Number of clusters used: 40

Fitting completed
ELBO: -47229.73897032988
Number of clusters used: 4

Performing restart 44
Setting annealing factor to : 1.0

Iteration: 0
ELBO: -3419063.35651566
Number of clusters used: 40

Fitting completed
ELBO: -47231.23351450983
Number of clusters used: 4

Performing restart 45
Setting annealing factor to : 1.0

Iteration: 0
ELBO: -5562070.234725261
Number of clusters used: 40

Fitting completed
ELBO: -47246.38707166526
Number of clusters used: 3

Performing restart 46
Setting annealing factor to : 1.0

Iteration: 0
ELBO: -4428875.46459681
Number of clusters used: 40

Fitting completed
ELBO: -47228.008501384946
Number of clusters used: 4

Performing restart 47
Setting annealing factor to : 1.0

Iteration: 0
ELBO: -4187875.2727451343
Number of clusters used: 40

Fitting completed
ELBO: -47233.84515812978
Number of clusters used: 4

Performing restart 48
Setting annealing factor to : 1.0

Iteration: 0
ELBO: -5105392.965594289
Number of clusters used: 40

Fitting completed
ELBO: -47221.47030826978
Number of clusters used: 3

Performing restart 49
Setting annealing factor to : 1.0

Iteration: 0
ELBO: -7686001.052626846
Number of clusters used: 40

Fitting completed
ELBO: -47233.52231512633
Number of clusters used: 3

Performing restart 50
Setting annealing factor to : 1.0

Iteration: 0
ELBO: -2325449.762102005
Number of clusters used: 40

Fitting completed
ELBO: -47219.02952400585
Number of clusters used: 3

Performing restart 51
Setting annealing factor to : 1.0

Iteration: 0
ELBO: -4103835.6407734295
Number of clusters used: 40

Fitting completed
ELBO: -47229.73889488733
Number of clusters used: 3

Performing restart 52
Setting annealing factor to : 1.0

Iteration: 0
ELBO: -4272693.573690089
Number of clusters used: 40

Fitting completed
ELBO: -47221.658236884
Number of clusters used: 3

Performing restart 53
Setting annealing factor to : 1.0

Iteration: 0
ELBO: -62136847.220379055
Number of clusters used: 40

Fitting completed
ELBO: -47227.97110708358
Number of clusters used: 3

Performing restart 54
Setting annealing factor to : 1.0

Iteration: 0
ELBO: -5025031.637739886
Number of clusters used: 40

Fitting completed
ELBO: -47227.54181659914
Number of clusters used: 3

Performing restart 55
Setting annealing factor to : 1.0

Iteration: 0
ELBO: -4743415.736792465
Number of clusters used: 40

Fitting completed
ELBO: -47228.93838441811
Number of clusters used: 3

Performing restart 56
Setting annealing factor to : 1.0

Iteration: 0
ELBO: -3698284.117890626
Number of clusters used: 40

Fitting completed
ELBO: -47231.1203744938
Number of clusters used: 2

Performing restart 57
Setting annealing factor to : 1.0

Iteration: 0
ELBO: -3878234.990108711
Number of clusters used: 40

Fitting completed
ELBO: -47228.7730398151
Number of clusters used: 4

Performing restart 58
Setting annealing factor to : 1.0

Iteration: 0
ELBO: -16213467.169589046
Number of clusters used: 40

Fitting completed
ELBO: -47225.773745619335
Number of clusters used: 2

Performing restart 59
Setting annealing factor to : 1.0

Iteration: 0
ELBO: -3222018.2516329866
Number of clusters used: 40

Fitting completed
ELBO: -47219.52369356918
Number of clusters used: 4

Performing restart 60
Setting annealing factor to : 1.0

Iteration: 0
ELBO: -5830074.655341501
Number of clusters used: 40

Fitting completed
ELBO: -47222.59016784287
Number of clusters used: 2

Performing restart 61
Setting annealing factor to : 1.0

Iteration: 0
ELBO: -3617190.8814066933
Number of clusters used: 40

Fitting completed
ELBO: -47239.59779370656
Number of clusters used: 3

Performing restart 62
Setting annealing factor to : 1.0

Iteration: 0
ELBO: -7352416.5962198675
Number of clusters used: 40

Fitting completed
ELBO: -47218.07129372098
Number of clusters used: 2

Performing restart 63
Setting annealing factor to : 1.0

Iteration: 0
ELBO: -15398667.360384788
Number of clusters used: 40

Fitting completed
ELBO: -47224.33310945112
Number of clusters used: 3

Performing restart 64
Setting annealing factor to : 1.0

Iteration: 0
ELBO: -5846105.939514933
Number of clusters used: 40

Fitting completed
ELBO: -47219.483246211064
Number of clusters used: 2

Performing restart 65
Setting annealing factor to : 1.0

Iteration: 0
ELBO: -6554820.462698565
Number of clusters used: 40

Fitting completed
ELBO: -47219.764111545766
Number of clusters used: 3

Performing restart 66
Setting annealing factor to : 1.0

Iteration: 0
ELBO: -6958093.836320995
Number of clusters used: 40

Fitting completed
ELBO: -47229.76526100595
Number of clusters used: 3

Performing restart 67
Setting annealing factor to : 1.0

Iteration: 0
ELBO: -2947946.4041340803
Number of clusters used: 40

Fitting completed
ELBO: -47234.46778578326
Number of clusters used: 3

Performing restart 68
Setting annealing factor to : 1.0

Iteration: 0
ELBO: -13094795.889346303
Number of clusters used: 40

Fitting completed
ELBO: -47225.97869499307
Number of clusters used: 3

Performing restart 69
Setting annealing factor to : 1.0

Iteration: 0
ELBO: -8190890.0260156775
Number of clusters used: 40

Fitting completed
ELBO: -47228.99506238614
Number of clusters used: 3

Performing restart 70
Setting annealing factor to : 1.0

Iteration: 0
ELBO: -4743375.816200866
Number of clusters used: 40

Fitting completed
ELBO: -47228.226757632394
Number of clusters used: 2

Performing restart 71
Setting annealing factor to : 1.0

Iteration: 0
ELBO: -2334765.565171674
Number of clusters used: 40

Fitting completed
ELBO: -47228.02322485269
Number of clusters used: 3

Performing restart 72
Setting annealing factor to : 1.0

Iteration: 0
ELBO: -4703223.79627691
Number of clusters used: 40

Fitting completed
ELBO: -47216.63810830498
Number of clusters used: 3

Performing restart 73
Setting annealing factor to : 1.0

Iteration: 0
ELBO: -6375666.649005115
Number of clusters used: 40

Fitting completed
ELBO: -47232.899646404854
Number of clusters used: 3

Performing restart 74
Setting annealing factor to : 1.0

Iteration: 0
ELBO: -7769095.565929226
Number of clusters used: 40

Fitting completed
ELBO: -47225.045825106456
Number of clusters used: 3

Performing restart 75
Setting annealing factor to : 1.0

Iteration: 0
ELBO: -3803596.523706451
Number of clusters used: 40

Fitting completed
ELBO: -47228.020131793615
Number of clusters used: 3

Performing restart 76
Setting annealing factor to : 1.0

Iteration: 0
ELBO: -2370238.420353374
Number of clusters used: 40

Fitting completed
ELBO: -47219.55583616546
Number of clusters used: 2

Performing restart 77
Setting annealing factor to : 1.0

Iteration: 0
ELBO: -4022373.8231132985
Number of clusters used: 40

Fitting completed
ELBO: -47224.406299548624
Number of clusters used: 3

Performing restart 78
Setting annealing factor to : 1.0

Iteration: 0
ELBO: -5197010.027315712
Number of clusters used: 40

Fitting completed
ELBO: -47217.56126487414
Number of clusters used: 2

Performing restart 79
Setting annealing factor to : 1.0

Iteration: 0
ELBO: -7235143.996221022
Number of clusters used: 40

Fitting completed
ELBO: -47219.99882102102
Number of clusters used: 3

Performing restart 80
Setting annealing factor to : 1.0

Iteration: 0
ELBO: -12943164.865860848
Number of clusters used: 40

Fitting completed
ELBO: -47232.460236041516
Number of clusters used: 3

Performing restart 81
Setting annealing factor to : 1.0

Iteration: 0
ELBO: -15254738.184720758
Number of clusters used: 40

Fitting completed
ELBO: -47234.22932117687
Number of clusters used: 3

Performing restart 82
Setting annealing factor to : 1.0

Iteration: 0
ELBO: -124152507.20432253
Number of clusters used: 40

Fitting completed
ELBO: -47235.94725984492
Number of clusters used: 3

Performing restart 83
Setting annealing factor to : 1.0

Iteration: 0
ELBO: -3234523.366408411
Number of clusters used: 40

Fitting completed
ELBO: -47229.6997986035
Number of clusters used: 3

Performing restart 84
Setting annealing factor to : 1.0

Iteration: 0
ELBO: -4186220.4966012235
Number of clusters used: 40

Fitting completed
ELBO: -47218.99438609561
Number of clusters used: 5

Performing restart 85
Setting annealing factor to : 1.0

Iteration: 0
ELBO: -5210281.132674674
Number of clusters used: 40

Fitting completed
ELBO: -47219.920224297646
Number of clusters used: 4

Performing restart 86
Setting annealing factor to : 1.0

Iteration: 0
ELBO: -2404938.0449357745
Number of clusters used: 40

Fitting completed
ELBO: -47218.05694343014
Number of clusters used: 3

Performing restart 87
Setting annealing factor to : 1.0

Iteration: 0
ELBO: -36202903.58137904
Number of clusters used: 40

Fitting completed
ELBO: -47225.44127194787
Number of clusters used: 2

Performing restart 88
Setting annealing factor to : 1.0

Iteration: 0
ELBO: -11358457.310219638
Number of clusters used: 40

Fitting completed
ELBO: -47225.90987288997
Number of clusters used: 3

Performing restart 89
Setting annealing factor to : 1.0

Iteration: 0
ELBO: -14227226.952829672
Number of clusters used: 40

Fitting completed
ELBO: -47215.157725977886
Number of clusters used: 4

Performing restart 90
Setting annealing factor to : 1.0

Iteration: 0
ELBO: -3731575.7367920284
Number of clusters used: 40

Fitting completed
ELBO: -47241.04298330116
Number of clusters used: 4

Performing restart 91
Setting annealing factor to : 1.0

Iteration: 0
ELBO: -7556979.065627935
Number of clusters used: 40

Fitting completed
ELBO: -47236.572788687976
Number of clusters used: 3

Performing restart 92
Setting annealing factor to : 1.0

Iteration: 0
ELBO: -3477355.7923498554
Number of clusters used: 40

Fitting completed
ELBO: -47232.92916603273
Number of clusters used: 5

Performing restart 93
Setting annealing factor to : 1.0

Iteration: 0
ELBO: -3066969.506667952
Number of clusters used: 40

Fitting completed
ELBO: -47233.77922865109
Number of clusters used: 2

Performing restart 94
Setting annealing factor to : 1.0

Iteration: 0
ELBO: -3009013.36877203
Number of clusters used: 40

Fitting completed
ELBO: -47222.78051055039
Number of clusters used: 2

Performing restart 95
Setting annealing factor to : 1.0

Iteration: 0
ELBO: -2266906.4167080577
Number of clusters used: 40

Fitting completed
ELBO: -47221.6980168591
Number of clusters used: 2

Performing restart 96
Setting annealing factor to : 1.0

Iteration: 0
ELBO: -5811602.156034809
Number of clusters used: 40

Fitting completed
ELBO: -47236.36162200675
Number of clusters used: 3

Performing restart 97
Setting annealing factor to : 1.0

Iteration: 0
ELBO: -4448299.203740551
Number of clusters used: 40

Fitting completed
ELBO: -47228.748230100755
Number of clusters used: 2

Performing restart 98
Setting annealing factor to : 1.0

Iteration: 0
ELBO: -13243122.558248423
Number of clusters used: 40

Fitting completed
ELBO: -47228.798686334354
Number of clusters used: 2

Performing restart 99
Setting annealing factor to : 1.0

Iteration: 0
ELBO: -5835391.244913574
Number of clusters used: 40

Fitting completed
ELBO: -47227.4352206128
Number of clusters used: 2

All restarts completed
Final ELBO: -47208.556278892196
Number of clusters used: 4
