Removing 7 mutations with major copy number zero
Tumour content column not found. Setting values to 1.0.

Samples: CHORANGIOMA NORM_VILLI
Num mutations: 109
Performing restart 0
Setting annealing factor to : 1.0

Iteration: 0
ELBO: -47476.11984131021
Number of clusters used: 38

Fitting completed
ELBO: -497.06675567679423
Number of clusters used: 3

Performing restart 1
Setting annealing factor to : 1.0

Iteration: 0
ELBO: -25197.227095249942
Number of clusters used: 38

Fitting completed
ELBO: -501.7362244769948
Number of clusters used: 2

Performing restart 2
Setting annealing factor to : 1.0

Iteration: 0
ELBO: -76352.81928406438
Number of clusters used: 39

Fitting completed
ELBO: -501.20606988094954
Number of clusters used: 3

Performing restart 3
Setting annealing factor to : 1.0

Iteration: 0
ELBO: -32240.763075379757
Number of clusters used: 38

Fitting completed
ELBO: -497.0667746682467
Number of clusters used: 3

Performing restart 4
Setting annealing factor to : 1.0

Iteration: 0
ELBO: -58072.53417637943
Number of clusters used: 39

Fitting completed
ELBO: -501.2058144999381
Number of clusters used: 3

Performing restart 5
Setting annealing factor to : 1.0

Iteration: 0
ELBO: -21840.303212528797
Number of clusters used: 40

Fitting completed
ELBO: -501.735980729865
Number of clusters used: 2

Performing restart 6
Setting annealing factor to : 1.0

Iteration: 0
ELBO: -113204.56656780571
Number of clusters used: 37

Fitting completed
ELBO: -501.73597322365146
Number of clusters used: 2

Performing restart 7
Setting annealing factor to : 1.0

Iteration: 0
ELBO: -46107.65780826368
Number of clusters used: 37

Fitting completed
ELBO: -501.2058593605807
Number of clusters used: 3

Performing restart 8
Setting annealing factor to : 1.0

Iteration: 0
ELBO: -43309.387176281416
Number of clusters used: 38

Fitting completed
ELBO: -497.0669884803658
Number of clusters used: 3

Performing restart 9
Setting annealing factor to : 1.0

Iteration: 0
ELBO: -20833.75103889233
Number of clusters used: 37

Fitting completed
ELBO: -501.736169075451
Number of clusters used: 2

Performing restart 10
Setting annealing factor to : 1.0

Iteration: 0
ELBO: -21310.633862394556
Number of clusters used: 40

Fitting completed
ELBO: -501.7361485387868
Number of clusters used: 2

Performing restart 11
Setting annealing factor to : 1.0

Iteration: 0
ELBO: -17905.869356434538
Number of clusters used: 38

Fitting completed
ELBO: -498.3990009742522
Number of clusters used: 5

Performing restart 12
Setting annealing factor to : 1.0

Iteration: 0
ELBO: -16965.53760188298
Number of clusters used: 37

Iteration: 100
ELBO: -498.59324034674114
Number of clusters used: 4

Fitting completed
ELBO: -496.92111125477305
Number of clusters used: 4

Performing restart 13
Setting annealing factor to : 1.0

Iteration: 0
ELBO: -14739.302135560745
Number of clusters used: 38

Fitting completed
ELBO: -496.9213664331759
Number of clusters used: 4

Performing restart 14
Setting annealing factor to : 1.0

Iteration: 0
ELBO: -106913.23835771385
Number of clusters used: 33

Fitting completed
ELBO: -497.06687995849535
Number of clusters used: 3

Performing restart 15
Setting annealing factor to : 1.0

Iteration: 0
ELBO: -22629.944953729784
Number of clusters used: 38

Fitting completed
ELBO: -501.2060188777451
Number of clusters used: 3

Performing restart 16
Setting annealing factor to : 1.0

Iteration: 0
ELBO: -74647.40756062348
Number of clusters used: 39

Fitting completed
ELBO: -497.0667722850012
Number of clusters used: 3

Performing restart 17
Setting annealing factor to : 1.0

Iteration: 0
ELBO: -220735.18264701898
Number of clusters used: 36

Fitting completed
ELBO: -497.0667510035137
Number of clusters used: 3

Performing restart 18
Setting annealing factor to : 1.0

Iteration: 0
ELBO: -31062.35414168334
Number of clusters used: 39

Fitting completed
ELBO: -501.7359200242305
Number of clusters used: 2

Performing restart 19
Setting annealing factor to : 1.0

Iteration: 0
ELBO: -32318.883966693225
Number of clusters used: 40

Fitting completed
ELBO: -503.5277002316507
Number of clusters used: 3

Performing restart 20
Setting annealing factor to : 1.0

Iteration: 0
ELBO: -17446.08038028517
Number of clusters used: 39

Fitting completed
ELBO: -501.20595513690347
Number of clusters used: 3

Performing restart 21
Setting annealing factor to : 1.0

Iteration: 0
ELBO: -26865.407213452152
Number of clusters used: 37

Fitting completed
ELBO: -501.2060852330899
Number of clusters used: 3

Performing restart 22
Setting annealing factor to : 1.0

Iteration: 0
ELBO: -14102.696462570793
Number of clusters used: 38

Fitting completed
ELBO: -501.20618694294467
Number of clusters used: 3

Performing restart 23
Setting annealing factor to : 1.0

Iteration: 0
ELBO: -27699.83409703272
Number of clusters used: 38

Fitting completed
ELBO: -497.0663347664899
Number of clusters used: 3

Performing restart 24
Setting annealing factor to : 1.0

Iteration: 0
ELBO: -73456.26936210864
Number of clusters used: 36

Fitting completed
ELBO: -501.735991659716
Number of clusters used: 2

Performing restart 25
Setting annealing factor to : 1.0

Iteration: 0
ELBO: -17890.136892159717
Number of clusters used: 34

Fitting completed
ELBO: -501.7359285307543
Number of clusters used: 2

Performing restart 26
Setting annealing factor to : 1.0

Iteration: 0
ELBO: -24182.964496434935
Number of clusters used: 37

Iteration: 100
ELBO: -497.08310883617315
Number of clusters used: 4

Fitting completed
ELBO: -496.92123740295335
Number of clusters used: 4

Performing restart 27
Setting annealing factor to : 1.0

Iteration: 0
ELBO: -15593.959313615416
Number of clusters used: 36

Fitting completed
ELBO: -497.06631894721727
Number of clusters used: 3

Performing restart 28
Setting annealing factor to : 1.0

Iteration: 0
ELBO: -52012.83976885293
Number of clusters used: 40

Fitting completed
ELBO: -497.066898874902
Number of clusters used: 3

Performing restart 29
Setting annealing factor to : 1.0

Iteration: 0
ELBO: -63664.99015423266
Number of clusters used: 38

Iteration: 100
ELBO: -498.8450396716559
Number of clusters used: 4

Iteration: 200
ELBO: -498.5246630367544
Number of clusters used: 4

Fitting completed
ELBO: -496.92120119738684
Number of clusters used: 4

Performing restart 30
Setting annealing factor to : 1.0

Iteration: 0
ELBO: -41715.26498942397
Number of clusters used: 40

Fitting completed
ELBO: -501.7359567269284
Number of clusters used: 2

Performing restart 31
Setting annealing factor to : 1.0

Iteration: 0
ELBO: -28204.04252701633
Number of clusters used: 39

Fitting completed
ELBO: -501.73621357790216
Number of clusters used: 2

Performing restart 32
Setting annealing factor to : 1.0

Iteration: 0
ELBO: -30364.825074329743
Number of clusters used: 35

Fitting completed
ELBO: -501.73597421406635
Number of clusters used: 2

Performing restart 33
Setting annealing factor to : 1.0

Iteration: 0
ELBO: -16497.559823475538
Number of clusters used: 36

Fitting completed
ELBO: -497.0666827494384
Number of clusters used: 3

Performing restart 34
Setting annealing factor to : 1.0

Iteration: 0
ELBO: -45254.51148291968
Number of clusters used: 37

Fitting completed
ELBO: -496.92109847932034
Number of clusters used: 4

Performing restart 35
Setting annealing factor to : 1.0

Iteration: 0
ELBO: -38535.692345484
Number of clusters used: 37

Fitting completed
ELBO: -501.73599224947156
Number of clusters used: 2

Performing restart 36
Setting annealing factor to : 1.0

Iteration: 0
ELBO: -34533.908680625624
Number of clusters used: 37

Fitting completed
ELBO: -497.0669193079414
Number of clusters used: 3

Performing restart 37
Setting annealing factor to : 1.0

Iteration: 0
ELBO: -24144.19565426885
Number of clusters used: 38

Fitting completed
ELBO: -501.73618060276107
Number of clusters used: 2

Performing restart 38
Setting annealing factor to : 1.0

Iteration: 0
ELBO: -20940.01386628873
Number of clusters used: 38

Fitting completed
ELBO: -497.06677702617503
Number of clusters used: 3

Performing restart 39
Setting annealing factor to : 1.0

Iteration: 0
ELBO: -87062.1747136745
Number of clusters used: 37

Fitting completed
ELBO: -496.92129157529723
Number of clusters used: 4

Performing restart 40
Setting annealing factor to : 1.0

Iteration: 0
ELBO: -19955.987801573814
Number of clusters used: 39

Fitting completed
ELBO: -501.20546631994307
Number of clusters used: 3

Performing restart 41
Setting annealing factor to : 1.0

Iteration: 0
ELBO: -88138.3479349529
Number of clusters used: 39

Fitting completed
ELBO: -501.73593803287713
Number of clusters used: 2

Performing restart 42
Setting annealing factor to : 1.0

Iteration: 0
ELBO: -53021.6965032936
Number of clusters used: 36

Iteration: 100
ELBO: -498.6680613428804
Number of clusters used: 4

Iteration: 200
ELBO: -497.7036360600064
Number of clusters used: 4

Fitting completed
ELBO: -496.9210704507526
Number of clusters used: 4

Performing restart 43
Setting annealing factor to : 1.0

Iteration: 0
ELBO: -40960.37421323651
Number of clusters used: 35

Iteration: 100
ELBO: -498.5149949033766
Number of clusters used: 4

Fitting completed
ELBO: -496.9211950614957
Number of clusters used: 4

Performing restart 44
Setting annealing factor to : 1.0

Iteration: 0
ELBO: -27916.696413833764
Number of clusters used: 39

Fitting completed
ELBO: -497.0666799845813
Number of clusters used: 3

Performing restart 45
Setting annealing factor to : 1.0

Iteration: 0
ELBO: -18770.035947126365
Number of clusters used: 37

Fitting completed
ELBO: -496.92149206862985
Number of clusters used: 4

Performing restart 46
Setting annealing factor to : 1.0

Iteration: 0
ELBO: -28049.881521487918
Number of clusters used: 37

Fitting completed
ELBO: -501.7361515856657
Number of clusters used: 2

Performing restart 47
Setting annealing factor to : 1.0

Iteration: 0
ELBO: -27446.242337579948
Number of clusters used: 39

Fitting completed
ELBO: -501.7359417875075
Number of clusters used: 2

Performing restart 48
Setting annealing factor to : 1.0

Iteration: 0
ELBO: -56268.926802404734
Number of clusters used: 35

Fitting completed
ELBO: -497.06670332055273
Number of clusters used: 3

Performing restart 49
Setting annealing factor to : 1.0

Iteration: 0
ELBO: -41429.90803685537
Number of clusters used: 39

Iteration: 100
ELBO: -497.32400573880983
Number of clusters used: 4

Fitting completed
ELBO: -496.9212279702787
Number of clusters used: 4

Performing restart 50
Setting annealing factor to : 1.0

Iteration: 0
ELBO: -84491.91536622602
Number of clusters used: 38

Fitting completed
ELBO: -496.9212288696569
Number of clusters used: 4

Performing restart 51
Setting annealing factor to : 1.0

Iteration: 0
ELBO: -43172.88155011541
Number of clusters used: 38

Fitting completed
ELBO: -501.73621128510393
Number of clusters used: 2

Performing restart 52
Setting annealing factor to : 1.0

Iteration: 0
ELBO: -25769.137546750633
Number of clusters used: 36

Fitting completed
ELBO: -501.7359205233713
Number of clusters used: 2

Performing restart 53
Setting annealing factor to : 1.0

Iteration: 0
ELBO: -23146.95100413714
Number of clusters used: 39

Fitting completed
ELBO: -497.06690260768727
Number of clusters used: 3

Performing restart 54
Setting annealing factor to : 1.0

Iteration: 0
ELBO: -30563.30412545883
Number of clusters used: 40

Fitting completed
ELBO: -497.0666514695613
Number of clusters used: 3

Performing restart 55
Setting annealing factor to : 1.0

Iteration: 0
ELBO: -56994.19897486486
Number of clusters used: 37

Fitting completed
ELBO: -497.06689348170585
Number of clusters used: 3

Performing restart 56
Setting annealing factor to : 1.0

Iteration: 0
ELBO: -38368.343997097545
Number of clusters used: 37

Fitting completed
ELBO: -501.736178017288
Number of clusters used: 2

Performing restart 57
Setting annealing factor to : 1.0

Iteration: 0
ELBO: -40760.643767217225
Number of clusters used: 38

Fitting completed
ELBO: -501.7359974907597
Number of clusters used: 2

Performing restart 58
Setting annealing factor to : 1.0

Iteration: 0
ELBO: -15277.008202304134
Number of clusters used: 35

Fitting completed
ELBO: -497.0668256815876
Number of clusters used: 3

Performing restart 59
Setting annealing factor to : 1.0

Iteration: 0
ELBO: -39497.795278987905
Number of clusters used: 39

Fitting completed
ELBO: -496.92092388799705
Number of clusters used: 4

Performing restart 60
Setting annealing factor to : 1.0

Iteration: 0
ELBO: -47852.215069830985
Number of clusters used: 37

Fitting completed
ELBO: -534.6441494947824
Number of clusters used: 1

Performing restart 61
Setting annealing factor to : 1.0

Iteration: 0
ELBO: -35196.57318652118
Number of clusters used: 37

Fitting completed
ELBO: -497.06669874459584
Number of clusters used: 3

Performing restart 62
Setting annealing factor to : 1.0

Iteration: 0
ELBO: -32109.96462818103
Number of clusters used: 38

Fitting completed
ELBO: -501.73607347710515
Number of clusters used: 2

Performing restart 63
Setting annealing factor to : 1.0

Iteration: 0
ELBO: -17339.68454712733
Number of clusters used: 35

Fitting completed
ELBO: -501.20588228763086
Number of clusters used: 3

Performing restart 64
Setting annealing factor to : 1.0

Iteration: 0
ELBO: -32668.54687335322
Number of clusters used: 36

Fitting completed
ELBO: -497.0668166897718
Number of clusters used: 3

Performing restart 65
Setting annealing factor to : 1.0

Iteration: 0
ELBO: -41191.53691025219
Number of clusters used: 37

Fitting completed
ELBO: -497.066780662418
Number of clusters used: 3

Performing restart 66
Setting annealing factor to : 1.0

Iteration: 0
ELBO: -258764.60670667014
Number of clusters used: 36

Iteration: 100
ELBO: -498.53117746055915
Number of clusters used: 4

Fitting completed
ELBO: -496.9210811295021
Number of clusters used: 4

Performing restart 67
Setting annealing factor to : 1.0

Iteration: 0
ELBO: -19261.42563744028
Number of clusters used: 36

Iteration: 100
ELBO: -502.2197099516607
Number of clusters used: 4

Fitting completed
ELBO: -496.921364314951
Number of clusters used: 4

Performing restart 68
Setting annealing factor to : 1.0

Iteration: 0
ELBO: -23954.44111253012
Number of clusters used: 37

Fitting completed
ELBO: -534.6441602020877
Number of clusters used: 1

Performing restart 69
Setting annealing factor to : 1.0

Iteration: 0
ELBO: -147150.48488878802
Number of clusters used: 37

Fitting completed
ELBO: -534.6441597672657
Number of clusters used: 1

Performing restart 70
Setting annealing factor to : 1.0

Iteration: 0
ELBO: -15784.209227581261
Number of clusters used: 36

Iteration: 100
ELBO: -498.454172239673
Number of clusters used: 5

Fitting completed
ELBO: -498.3989469017622
Number of clusters used: 5

Performing restart 71
Setting annealing factor to : 1.0

Iteration: 0
ELBO: -132457.38683244915
Number of clusters used: 40

Fitting completed
ELBO: -501.73602616957425
Number of clusters used: 2

Performing restart 72
Setting annealing factor to : 1.0

Iteration: 0
ELBO: -14259.156754009717
Number of clusters used: 39

Iteration: 100
ELBO: -497.639700406975
Number of clusters used: 4

Fitting completed
ELBO: -496.92112502894435
Number of clusters used: 4

Performing restart 73
Setting annealing factor to : 1.0

Iteration: 0
ELBO: -186542.3505981805
Number of clusters used: 38

Fitting completed
ELBO: -501.7358748704743
Number of clusters used: 2

Performing restart 74
Setting annealing factor to : 1.0

Iteration: 0
ELBO: -19330.267336753397
Number of clusters used: 39

Fitting completed
ELBO: -496.92144118464216
Number of clusters used: 4

Performing restart 75
Setting annealing factor to : 1.0

Iteration: 0
ELBO: -23972.46444346597
Number of clusters used: 38

Fitting completed
ELBO: -497.06681986381494
Number of clusters used: 3

Performing restart 76
Setting annealing factor to : 1.0

Iteration: 0
ELBO: -40377.472992616065
Number of clusters used: 38

Fitting completed
ELBO: -496.9208787042851
Number of clusters used: 4

Performing restart 77
Setting annealing factor to : 1.0

Iteration: 0
ELBO: -11232.455471847037
Number of clusters used: 37

Fitting completed
ELBO: -496.92142638099415
Number of clusters used: 4

Performing restart 78
Setting annealing factor to : 1.0

Iteration: 0
ELBO: -27059.470885707087
Number of clusters used: 37

Fitting completed
ELBO: -497.0667180091175
Number of clusters used: 3

Performing restart 79
Setting annealing factor to : 1.0

Iteration: 0
ELBO: -26964.084424177257
Number of clusters used: 37

Fitting completed
ELBO: -497.0669355818703
Number of clusters used: 3

Performing restart 80
Setting annealing factor to : 1.0

Iteration: 0
ELBO: -16930.592574375405
Number of clusters used: 35

Fitting completed
ELBO: -501.7361361001923
Number of clusters used: 2

Performing restart 81
Setting annealing factor to : 1.0

Iteration: 0
ELBO: -60556.852361824385
Number of clusters used: 38

Fitting completed
ELBO: -497.06687984010864
Number of clusters used: 3

Performing restart 82
Setting annealing factor to : 1.0

Iteration: 0
ELBO: -35069.78725139741
Number of clusters used: 40

Fitting completed
ELBO: -534.6441537058847
Number of clusters used: 1

Performing restart 83
Setting annealing factor to : 1.0

Iteration: 0
ELBO: -40662.81714523202
Number of clusters used: 36

Fitting completed
ELBO: -496.92110268567444
Number of clusters used: 4

Performing restart 84
Setting annealing factor to : 1.0

Iteration: 0
ELBO: -21209.042614448896
Number of clusters used: 39

Fitting completed
ELBO: -501.7360822088443
Number of clusters used: 2

Performing restart 85
Setting annealing factor to : 1.0

Iteration: 0
ELBO: -11488.900626931423
Number of clusters used: 36

Fitting completed
ELBO: -501.20580110227104
Number of clusters used: 3

Performing restart 86
Setting annealing factor to : 1.0

Iteration: 0
ELBO: -24213.326639658393
Number of clusters used: 39

Iteration: 100
ELBO: -498.5677317105838
Number of clusters used: 4

Fitting completed
ELBO: -496.92110750380937
Number of clusters used: 4

Performing restart 87
Setting annealing factor to : 1.0

Iteration: 0
ELBO: -30266.65691961757
Number of clusters used: 38

Iteration: 100
ELBO: -497.84689927838537
Number of clusters used: 5

Fitting completed
ELBO: -496.92103022916945
Number of clusters used: 4

Performing restart 88
Setting annealing factor to : 1.0

Iteration: 0
ELBO: -56592.45058825196
Number of clusters used: 38

Fitting completed
ELBO: -497.06676421725257
Number of clusters used: 3

Performing restart 89
Setting annealing factor to : 1.0

Iteration: 0
ELBO: -18563.00547392125
Number of clusters used: 37

Fitting completed
ELBO: -501.20624841918186
Number of clusters used: 3

Performing restart 90
Setting annealing factor to : 1.0

Iteration: 0
ELBO: -42160.560946761936
Number of clusters used: 37

Fitting completed
ELBO: -497.06676741769616
Number of clusters used: 3

Performing restart 91
Setting annealing factor to : 1.0

Iteration: 0
ELBO: -52676.93869546169
Number of clusters used: 38

Fitting completed
ELBO: -501.205817974909
Number of clusters used: 3

Performing restart 92
Setting annealing factor to : 1.0

Iteration: 0
ELBO: -28741.51170285978
Number of clusters used: 37

Fitting completed
ELBO: -501.7361439748728
Number of clusters used: 2

Performing restart 93
Setting annealing factor to : 1.0

Iteration: 0
ELBO: -114718.97349188723
Number of clusters used: 38

Fitting completed
ELBO: -496.92122410528486
Number of clusters used: 4

Performing restart 94
Setting annealing factor to : 1.0

Iteration: 0
ELBO: -69411.49944612474
Number of clusters used: 38

Fitting completed
ELBO: -497.06676889744483
Number of clusters used: 3

Performing restart 95
Setting annealing factor to : 1.0

Iteration: 0
ELBO: -61518.46579643365
Number of clusters used: 37

Iteration: 100
ELBO: -502.54535257457655
Number of clusters used: 3

Fitting completed
ELBO: -497.0666775433633
Number of clusters used: 3

Performing restart 96
Setting annealing factor to : 1.0

Iteration: 0
ELBO: -29481.60173849272
Number of clusters used: 38

Fitting completed
ELBO: -501.20597948334137
Number of clusters used: 3

Performing restart 97
Setting annealing factor to : 1.0

Iteration: 0
ELBO: -10871.534742693573
Number of clusters used: 38

Fitting completed
ELBO: -534.644203806345
Number of clusters used: 1

Performing restart 98
Setting annealing factor to : 1.0

Iteration: 0
ELBO: -21636.438287004166
Number of clusters used: 36

Fitting completed
ELBO: -496.9213189781351
Number of clusters used: 4

Performing restart 99
Setting annealing factor to : 1.0

Iteration: 0
ELBO: -19062.10352752294
Number of clusters used: 35

Fitting completed
ELBO: -497.0669467049195
Number of clusters used: 3

All restarts completed
Final ELBO: -496.9208787042851
Number of clusters used: 4
