Removing 7 mutations with major copy number zero
Tumour content column not found. Setting values to 1.0.

Samples: CHORANGIOMA NORM_VILLI
Num mutations: 109
Performing restart 0
Setting annealing factor to : 1.0

Iteration: 0
ELBO: -59155.12725875867
Number of clusters used: 36

Fitting completed
ELBO: -496.77164563378307
Number of clusters used: 3

Performing restart 1
Setting annealing factor to : 1.0

Iteration: 0
ELBO: -24731.15761662533
Number of clusters used: 34

Fitting completed
ELBO: -496.77217908433323
Number of clusters used: 3

Performing restart 2
Setting annealing factor to : 1.0

Iteration: 0
ELBO: -52761.89547595665
Number of clusters used: 39

Fitting completed
ELBO: -499.1672077969044
Number of clusters used: 2

Performing restart 3
Setting annealing factor to : 1.0

Iteration: 0
ELBO: -17146.734580267974
Number of clusters used: 37

Fitting completed
ELBO: -499.16732794969204
Number of clusters used: 2

Performing restart 4
Setting annealing factor to : 1.0

Iteration: 0
ELBO: -16770.215104108727
Number of clusters used: 38

Fitting completed
ELBO: -496.7720349166144
Number of clusters used: 3

Performing restart 5
Setting annealing factor to : 1.0

Iteration: 0
ELBO: -33747.872336476896
Number of clusters used: 36

Fitting completed
ELBO: -499.1672532832834
Number of clusters used: 2

Performing restart 6
Setting annealing factor to : 1.0

Iteration: 0
ELBO: -12443.508180110184
Number of clusters used: 38

Fitting completed
ELBO: -499.1671573284015
Number of clusters used: 2

Performing restart 7
Setting annealing factor to : 1.0

Iteration: 0
ELBO: -21598.189882299754
Number of clusters used: 38

Fitting completed
ELBO: -496.77210714739505
Number of clusters used: 3

Performing restart 8
Setting annealing factor to : 1.0

Iteration: 0
ELBO: -25510.251383913546
Number of clusters used: 36

Fitting completed
ELBO: -499.16740439115176
Number of clusters used: 2

Performing restart 9
Setting annealing factor to : 1.0

Iteration: 0
ELBO: -36447.08111673509
Number of clusters used: 38

Fitting completed
ELBO: -499.16733744444207
Number of clusters used: 2

Performing restart 10
Setting annealing factor to : 1.0

Iteration: 0
ELBO: -32479.79381773981
Number of clusters used: 38

Fitting completed
ELBO: -496.7719217248915
Number of clusters used: 3

Performing restart 11
Setting annealing factor to : 1.0

Iteration: 0
ELBO: -23797.412003140824
Number of clusters used: 36

Fitting completed
ELBO: -520.4091118418925
Number of clusters used: 1

Performing restart 12
Setting annealing factor to : 1.0

Iteration: 0
ELBO: -38367.83903619734
Number of clusters used: 36

Fitting completed
ELBO: -520.4091021364284
Number of clusters used: 1

Performing restart 13
Setting annealing factor to : 1.0

Iteration: 0
ELBO: -18261.12713168926
Number of clusters used: 35

Fitting completed
ELBO: -520.4091083442511
Number of clusters used: 1

Performing restart 14
Setting annealing factor to : 1.0

Iteration: 0
ELBO: -16353.275855357493
Number of clusters used: 37

Fitting completed
ELBO: -499.1665223383318
Number of clusters used: 2

Performing restart 15
Setting annealing factor to : 1.0

Iteration: 0
ELBO: -27018.374077879344
Number of clusters used: 36

Fitting completed
ELBO: -499.16736104188743
Number of clusters used: 2

Performing restart 16
Setting annealing factor to : 1.0

Iteration: 0
ELBO: -33636.85785790633
Number of clusters used: 39

Fitting completed
ELBO: -499.16735428325273
Number of clusters used: 2

Performing restart 17
Setting annealing factor to : 1.0

Iteration: 0
ELBO: -20255.60677702764
Number of clusters used: 36

Iteration: 100
ELBO: -497.73784184556393
Number of clusters used: 3

Fitting completed
ELBO: -496.77161769093107
Number of clusters used: 3

Performing restart 18
Setting annealing factor to : 1.0

Iteration: 0
ELBO: -53026.244454044085
Number of clusters used: 38

Fitting completed
ELBO: -499.1673372050527
Number of clusters used: 2

Performing restart 19
Setting annealing factor to : 1.0

Iteration: 0
ELBO: -28738.081291665963
Number of clusters used: 38

Fitting completed
ELBO: -499.1671158964901
Number of clusters used: 2

Performing restart 20
Setting annealing factor to : 1.0

Iteration: 0
ELBO: -18074.97812686044
Number of clusters used: 38

Fitting completed
ELBO: -499.16729547651903
Number of clusters used: 2

Performing restart 21
Setting annealing factor to : 1.0

Iteration: 0
ELBO: -53238.61404367223
Number of clusters used: 37

Fitting completed
ELBO: -499.16732434260484
Number of clusters used: 2

Performing restart 22
Setting annealing factor to : 1.0

Iteration: 0
ELBO: -26693.407977935116
Number of clusters used: 37

Fitting completed
ELBO: -496.7722777225193
Number of clusters used: 3

Performing restart 23
Setting annealing factor to : 1.0

Iteration: 0
ELBO: -29016.502122571783
Number of clusters used: 33

Fitting completed
ELBO: -520.4091382733143
Number of clusters used: 1

Performing restart 24
Setting annealing factor to : 1.0

Iteration: 0
ELBO: -195162.37936596558
Number of clusters used: 40

Fitting completed
ELBO: -499.1672340859967
Number of clusters used: 2

Performing restart 25
Setting annealing factor to : 1.0

Iteration: 0
ELBO: -17867.18243953516
Number of clusters used: 37

Fitting completed
ELBO: -499.16746381692525
Number of clusters used: 2

Performing restart 26
Setting annealing factor to : 1.0

Iteration: 0
ELBO: -24050.43727914185
Number of clusters used: 39

Fitting completed
ELBO: -496.77228945731326
Number of clusters used: 3

Performing restart 27
Setting annealing factor to : 1.0

Iteration: 0
ELBO: -35930.93212274357
Number of clusters used: 37

Fitting completed
ELBO: -499.1674262146886
Number of clusters used: 2

Performing restart 28
Setting annealing factor to : 1.0

Iteration: 0
ELBO: -16994.636068049043
Number of clusters used: 37

Iteration: 100
ELBO: -498.590021659166
Number of clusters used: 4

Fitting completed
ELBO: -496.7716136908726
Number of clusters used: 3

Performing restart 29
Setting annealing factor to : 1.0

Iteration: 0
ELBO: -63568.93527614003
Number of clusters used: 37

Fitting completed
ELBO: -499.16647247282503
Number of clusters used: 2

Performing restart 30
Setting annealing factor to : 1.0

Iteration: 0
ELBO: -342193.74791336147
Number of clusters used: 36

Fitting completed
ELBO: -499.16734148553513
Number of clusters used: 2

Performing restart 31
Setting annealing factor to : 1.0

Iteration: 0
ELBO: -16627.27473972869
Number of clusters used: 38

Fitting completed
ELBO: -499.1671955915559
Number of clusters used: 2

Performing restart 32
Setting annealing factor to : 1.0

Iteration: 0
ELBO: -18805.516591607833
Number of clusters used: 37

Fitting completed
ELBO: -496.77202991542333
Number of clusters used: 3

Performing restart 33
Setting annealing factor to : 1.0

Iteration: 0
ELBO: -29777.531014560864
Number of clusters used: 36

Fitting completed
ELBO: -520.4091175682647
Number of clusters used: 1

Performing restart 34
Setting annealing factor to : 1.0

Iteration: 0
ELBO: -31028.845965529876
Number of clusters used: 35

Fitting completed
ELBO: -499.16736758770884
Number of clusters used: 2

Performing restart 35
Setting annealing factor to : 1.0

Iteration: 0
ELBO: -37637.702140556954
Number of clusters used: 37

Fitting completed
ELBO: -499.1673749707668
Number of clusters used: 2

Performing restart 36
Setting annealing factor to : 1.0

Iteration: 0
ELBO: -35777.49392240023
Number of clusters used: 38

Fitting completed
ELBO: -496.7716222984874
Number of clusters used: 3

Performing restart 37
Setting annealing factor to : 1.0

Iteration: 0
ELBO: -66154.63190354963
Number of clusters used: 39

Fitting completed
ELBO: -499.16717382491703
Number of clusters used: 2

Performing restart 38
Setting annealing factor to : 1.0

Iteration: 0
ELBO: -15103.788687920582
Number of clusters used: 37

Fitting completed
ELBO: -520.4091365730769
Number of clusters used: 1

Performing restart 39
Setting annealing factor to : 1.0

Iteration: 0
ELBO: -36998.136536452665
Number of clusters used: 38

Fitting completed
ELBO: -499.16650423437477
Number of clusters used: 2

Performing restart 40
Setting annealing factor to : 1.0

Iteration: 0
ELBO: -28858.62331946312
Number of clusters used: 38

Fitting completed
ELBO: -499.16719220830873
Number of clusters used: 2

Performing restart 41
Setting annealing factor to : 1.0

Iteration: 0
ELBO: -37251.294941813554
Number of clusters used: 37

Fitting completed
ELBO: -499.16747508977767
Number of clusters used: 2

Performing restart 42
Setting annealing factor to : 1.0

Iteration: 0
ELBO: -35335.91649391688
Number of clusters used: 37

Fitting completed
ELBO: -496.7718697621272
Number of clusters used: 3

Performing restart 43
Setting annealing factor to : 1.0

Iteration: 0
ELBO: -13121.89516498995
Number of clusters used: 37

Fitting completed
ELBO: -499.1672420865086
Number of clusters used: 2

Performing restart 44
Setting annealing factor to : 1.0

Iteration: 0
ELBO: -76399.93003295037
Number of clusters used: 36

Fitting completed
ELBO: -499.1665258287537
Number of clusters used: 2

Performing restart 45
Setting annealing factor to : 1.0

Iteration: 0
ELBO: -92441.39131985897
Number of clusters used: 40

Fitting completed
ELBO: -499.1672070479401
Number of clusters used: 2

Performing restart 46
Setting annealing factor to : 1.0

Iteration: 0
ELBO: -26222.142260065957
Number of clusters used: 35

Fitting completed
ELBO: -496.77217462004467
Number of clusters used: 3

Performing restart 47
Setting annealing factor to : 1.0

Iteration: 0
ELBO: -44008.20349309685
Number of clusters used: 38

Fitting completed
ELBO: -496.7720692016901
Number of clusters used: 3

Performing restart 48
Setting annealing factor to : 1.0

Iteration: 0
ELBO: -38750.87351023559
Number of clusters used: 39

Fitting completed
ELBO: -499.1673098451255
Number of clusters used: 2

Performing restart 49
Setting annealing factor to : 1.0

Iteration: 0
ELBO: -27876.56339404804
Number of clusters used: 40

Fitting completed
ELBO: -499.16726772634024
Number of clusters used: 2

Performing restart 50
Setting annealing factor to : 1.0

Iteration: 0
ELBO: -27696.411430585016
Number of clusters used: 39

Fitting completed
ELBO: -499.16710973193426
Number of clusters used: 2

Performing restart 51
Setting annealing factor to : 1.0

Iteration: 0
ELBO: -15755.529568059523
Number of clusters used: 37

Fitting completed
ELBO: -496.7716046725048
Number of clusters used: 3

Performing restart 52
Setting annealing factor to : 1.0

Iteration: 0
ELBO: -290668.8069245433
Number of clusters used: 39

Fitting completed
ELBO: -520.4091361580047
Number of clusters used: 1

Performing restart 53
Setting annealing factor to : 1.0

Iteration: 0
ELBO: -27479.670577517114
Number of clusters used: 37

Fitting completed
ELBO: -496.77202739683963
Number of clusters used: 3

Performing restart 54
Setting annealing factor to : 1.0

Iteration: 0
ELBO: -20552.19017440335
Number of clusters used: 39

Fitting completed
ELBO: -499.16719307871807
Number of clusters used: 2

Performing restart 55
Setting annealing factor to : 1.0

Iteration: 0
ELBO: -36557.34187300429
Number of clusters used: 37

Fitting completed
ELBO: -499.1670921013099
Number of clusters used: 2

Performing restart 56
Setting annealing factor to : 1.0

Iteration: 0
ELBO: -26861.81381708808
Number of clusters used: 39

Fitting completed
ELBO: -496.772033902914
Number of clusters used: 3

Performing restart 57
Setting annealing factor to : 1.0

Iteration: 0
ELBO: -16688.438368553714
Number of clusters used: 38

Fitting completed
ELBO: -520.4091077696509
Number of clusters used: 1

Performing restart 58
Setting annealing factor to : 1.0

Iteration: 0
ELBO: -14058.912682017653
Number of clusters used: 37

Fitting completed
ELBO: -496.77224964680715
Number of clusters used: 3

Performing restart 59
Setting annealing factor to : 1.0

Iteration: 0
ELBO: -17733.519385721214
Number of clusters used: 35

Fitting completed
ELBO: -496.77228356297525
Number of clusters used: 3

Performing restart 60
Setting annealing factor to : 1.0

Iteration: 0
ELBO: -305569.4948793661
Number of clusters used: 38

Fitting completed
ELBO: -499.16712706497725
Number of clusters used: 2

Performing restart 61
Setting annealing factor to : 1.0

Iteration: 0
ELBO: -28596.89464547451
Number of clusters used: 38

Fitting completed
ELBO: -499.16728589063734
Number of clusters used: 2

Performing restart 62
Setting annealing factor to : 1.0

Iteration: 0
ELBO: -575025.7385211494
Number of clusters used: 38

Fitting completed
ELBO: -496.77198975105966
Number of clusters used: 3

Performing restart 63
Setting annealing factor to : 1.0

Iteration: 0
ELBO: -27755.410783409745
Number of clusters used: 39

Fitting completed
ELBO: -499.1671528613094
Number of clusters used: 2

Performing restart 64
Setting annealing factor to : 1.0

Iteration: 0
ELBO: -37030.934913920115
Number of clusters used: 35

Fitting completed
ELBO: -496.7720424131625
Number of clusters used: 3

Performing restart 65
Setting annealing factor to : 1.0

Iteration: 0
ELBO: -25778.01900282804
Number of clusters used: 34

Fitting completed
ELBO: -499.1674077074222
Number of clusters used: 2

Performing restart 66
Setting annealing factor to : 1.0

Iteration: 0
ELBO: -38351.10364198908
Number of clusters used: 40

Fitting completed
ELBO: -496.7721515007719
Number of clusters used: 3

Performing restart 67
Setting annealing factor to : 1.0

Iteration: 0
ELBO: -26562.769874961657
Number of clusters used: 40

Fitting completed
ELBO: -499.1671585198643
Number of clusters used: 2

Performing restart 68
Setting annealing factor to : 1.0

Iteration: 0
ELBO: -19702.291517865266
Number of clusters used: 38

Fitting completed
ELBO: -496.7723000641591
Number of clusters used: 3

Performing restart 69
Setting annealing factor to : 1.0

Iteration: 0
ELBO: -37764.40337723882
Number of clusters used: 39

Fitting completed
ELBO: -499.16717793861073
Number of clusters used: 2

Performing restart 70
Setting annealing factor to : 1.0

Iteration: 0
ELBO: -18037.54908751571
Number of clusters used: 34

Fitting completed
ELBO: -520.4091071522761
Number of clusters used: 1

Performing restart 71
Setting annealing factor to : 1.0

Iteration: 0
ELBO: -78992.98146783827
Number of clusters used: 38

Fitting completed
ELBO: -499.16714603730384
Number of clusters used: 2

Performing restart 72
Setting annealing factor to : 1.0

Iteration: 0
ELBO: -41618.76455629692
Number of clusters used: 37

Fitting completed
ELBO: -499.1672049000788
Number of clusters used: 2

Performing restart 73
Setting annealing factor to : 1.0

Iteration: 0
ELBO: -4850589.382299768
Number of clusters used: 36

Fitting completed
ELBO: -496.7720859125941
Number of clusters used: 3

Performing restart 74
Setting annealing factor to : 1.0

Iteration: 0
ELBO: -31396.833897435034
Number of clusters used: 36

Fitting completed
ELBO: -499.1673088625636
Number of clusters used: 2

Performing restart 75
Setting annealing factor to : 1.0

Iteration: 0
ELBO: -60633.05887242264
Number of clusters used: 39

Fitting completed
ELBO: -499.1674100511648
Number of clusters used: 2

Performing restart 76
Setting annealing factor to : 1.0

Iteration: 0
ELBO: -38703.38478712942
Number of clusters used: 38

Fitting completed
ELBO: -496.7722177218374
Number of clusters used: 3

Performing restart 77
Setting annealing factor to : 1.0

Iteration: 0
ELBO: -17272.732706776496
Number of clusters used: 37

Fitting completed
ELBO: -499.16737853095435
Number of clusters used: 2

Performing restart 78
Setting annealing factor to : 1.0

Iteration: 0
ELBO: -32842.7400249719
Number of clusters used: 37

Fitting completed
ELBO: -499.16726848517806
Number of clusters used: 2

Performing restart 79
Setting annealing factor to : 1.0

Iteration: 0
ELBO: -21282.47088960416
Number of clusters used: 38

Fitting completed
ELBO: -499.16724796457316
Number of clusters used: 2

Performing restart 80
Setting annealing factor to : 1.0

Iteration: 0
ELBO: -16778.305077781577
Number of clusters used: 36

Fitting completed
ELBO: -499.16714954408525
Number of clusters used: 2

Performing restart 81
Setting annealing factor to : 1.0

Iteration: 0
ELBO: -69874.77106122914
Number of clusters used: 36

Fitting completed
ELBO: -499.16736591137004
Number of clusters used: 2

Performing restart 82
Setting annealing factor to : 1.0

Iteration: 0
ELBO: -18334.910033025822
Number of clusters used: 38

Fitting completed
ELBO: -499.16658525805826
Number of clusters used: 2

Performing restart 83
Setting annealing factor to : 1.0

Iteration: 0
ELBO: -18933.23504162886
Number of clusters used: 38

Fitting completed
ELBO: -520.4091050560784
Number of clusters used: 1

Performing restart 84
Setting annealing factor to : 1.0

Iteration: 0
ELBO: -41462.22971625533
Number of clusters used: 37

Fitting completed
ELBO: -496.7716316111201
Number of clusters used: 3

Performing restart 85
Setting annealing factor to : 1.0

Iteration: 0
ELBO: -64344.96091755557
Number of clusters used: 35

Fitting completed
ELBO: -520.4091179493909
Number of clusters used: 1

Performing restart 86
Setting annealing factor to : 1.0

Iteration: 0
ELBO: -28290.037383688858
Number of clusters used: 37

Fitting completed
ELBO: -499.1673333417296
Number of clusters used: 2

Performing restart 87
Setting annealing factor to : 1.0

Iteration: 0
ELBO: -33009.5921596962
Number of clusters used: 39

Fitting completed
ELBO: -496.7721997927624
Number of clusters used: 3

Performing restart 88
Setting annealing factor to : 1.0

Iteration: 0
ELBO: -1248778.5954892072
Number of clusters used: 36

Fitting completed
ELBO: -499.1664979599534
Number of clusters used: 2

Performing restart 89
Setting annealing factor to : 1.0

Iteration: 0
ELBO: -48530.55748895196
Number of clusters used: 35

Fitting completed
ELBO: -499.16746257615205
Number of clusters used: 2

Performing restart 90
Setting annealing factor to : 1.0

Iteration: 0
ELBO: -20810.384531914453
Number of clusters used: 37

Fitting completed
ELBO: -499.1672052293728
Number of clusters used: 2

Performing restart 91
Setting annealing factor to : 1.0

Iteration: 0
ELBO: -166958.68466664312
Number of clusters used: 40

Fitting completed
ELBO: -496.772042066342
Number of clusters used: 3

Performing restart 92
Setting annealing factor to : 1.0

Iteration: 0
ELBO: -17186.882227005524
Number of clusters used: 38

Fitting completed
ELBO: -499.1671461056043
Number of clusters used: 2

Performing restart 93
Setting annealing factor to : 1.0

Iteration: 0
ELBO: -74713.49526763527
Number of clusters used: 36

Fitting completed
ELBO: -499.16731403508453
Number of clusters used: 2

Performing restart 94
Setting annealing factor to : 1.0

Iteration: 0
ELBO: -26559.77538048687
Number of clusters used: 35

Fitting completed
ELBO: -499.16733522265224
Number of clusters used: 2

Performing restart 95
Setting annealing factor to : 1.0

Iteration: 0
ELBO: -23956.05788937219
Number of clusters used: 36

Iteration: 100
ELBO: -499.0616116313455
Number of clusters used: 3

Fitting completed
ELBO: -496.77161152713234
Number of clusters used: 3

Performing restart 96
Setting annealing factor to : 1.0

Iteration: 0
ELBO: -58313.05664114501
Number of clusters used: 40

Fitting completed
ELBO: -499.1665190960243
Number of clusters used: 2

Performing restart 97
Setting annealing factor to : 1.0

Iteration: 0
ELBO: -16284.948195899897
Number of clusters used: 38

Fitting completed
ELBO: -499.16739302682754
Number of clusters used: 2

Performing restart 98
Setting annealing factor to : 1.0

Iteration: 0
ELBO: -72501.09231981714
Number of clusters used: 36

Fitting completed
ELBO: -499.1450444221354
Number of clusters used: 4

Performing restart 99
Setting annealing factor to : 1.0

Iteration: 0
ELBO: -29571.504530487975
Number of clusters used: 35

Fitting completed
ELBO: -496.7721045607075
Number of clusters used: 3

All restarts completed
Final ELBO: -496.7716046725048
Number of clusters used: 3
