Removing 87 mutations with major copy number zero
Tumour content column not found. Setting values to 1.0.

Samples: CHORANGIOMA NORM_VILLI
Num mutations: 2802
Performing restart 0
Setting annealing factor to : 1.0

Iteration: 0
ELBO: -2725104.8996925596
Number of clusters used: 40

Iteration: 100
ELBO: -6681.987842713128
Number of clusters used: 5

Fitting completed
ELBO: -6679.938644035839
Number of clusters used: 5

Performing restart 1
Setting annealing factor to : 1.0

Iteration: 0
ELBO: -787304.1927149955
Number of clusters used: 40

Iteration: 100
ELBO: -6688.375208471207
Number of clusters used: 6

Fitting completed
ELBO: -6672.056266200679
Number of clusters used: 5

Performing restart 2
Setting annealing factor to : 1.0

Iteration: 0
ELBO: -762267.6020889464
Number of clusters used: 40

Fitting completed
ELBO: -6675.870881493883
Number of clusters used: 5

Performing restart 3
Setting annealing factor to : 1.0

Iteration: 0
ELBO: -610536.5823535753
Number of clusters used: 40

Fitting completed
ELBO: -6686.937419516895
Number of clusters used: 3

Performing restart 4
Setting annealing factor to : 1.0

Iteration: 0
ELBO: -378091.42160256376
Number of clusters used: 40

Fitting completed
ELBO: -6678.1197056988785
Number of clusters used: 4

Performing restart 5
Setting annealing factor to : 1.0

Iteration: 0
ELBO: -5285203.864353687
Number of clusters used: 40

Fitting completed
ELBO: -6674.735769348797
Number of clusters used: 4

Performing restart 6
Setting annealing factor to : 1.0

Iteration: 0
ELBO: -1792332.271011781
Number of clusters used: 40

Fitting completed
ELBO: -6674.735051956529
Number of clusters used: 4

Performing restart 7
Setting annealing factor to : 1.0

Iteration: 0
ELBO: -714604.7023245243
Number of clusters used: 40

Fitting completed
ELBO: -6683.044574238158
Number of clusters used: 3

Performing restart 8
Setting annealing factor to : 1.0

Iteration: 0
ELBO: -367716.5918725068
Number of clusters used: 40

Iteration: 100
ELBO: -6699.092504488224
Number of clusters used: 4

Iteration: 200
ELBO: -6694.868063316907
Number of clusters used: 4

Fitting completed
ELBO: -6674.718755665639
Number of clusters used: 4

Performing restart 9
Setting annealing factor to : 1.0

Iteration: 0
ELBO: -388828.4015108888
Number of clusters used: 40

Fitting completed
ELBO: -6693.246147491407
Number of clusters used: 7

Performing restart 10
Setting annealing factor to : 1.0

Iteration: 0
ELBO: -5283764.903517203
Number of clusters used: 40

Fitting completed
ELBO: -6698.737267029454
Number of clusters used: 4

Performing restart 11
Setting annealing factor to : 1.0

Iteration: 0
ELBO: -2121349.8309422033
Number of clusters used: 40

Fitting completed
ELBO: -6697.726178684079
Number of clusters used: 4

Performing restart 12
Setting annealing factor to : 1.0

Iteration: 0
ELBO: -531708.0340541102
Number of clusters used: 40

Fitting completed
ELBO: -6682.503620926122
Number of clusters used: 4

Performing restart 13
Setting annealing factor to : 1.0

Iteration: 0
ELBO: -597226.3601373606
Number of clusters used: 40

Fitting completed
ELBO: -6682.2513616238175
Number of clusters used: 5

Performing restart 14
Setting annealing factor to : 1.0

Iteration: 0
ELBO: -454822.4572058515
Number of clusters used: 40

Fitting completed
ELBO: -6702.049639707931
Number of clusters used: 5

Performing restart 15
Setting annealing factor to : 1.0

Iteration: 0
ELBO: -598732.1485345121
Number of clusters used: 40

Fitting completed
ELBO: -6691.075032776293
Number of clusters used: 3

Performing restart 16
Setting annealing factor to : 1.0

Iteration: 0
ELBO: -382415.5293060709
Number of clusters used: 40

Iteration: 100
ELBO: -6699.294208532507
Number of clusters used: 4

Fitting completed
ELBO: -6683.0445079172605
Number of clusters used: 3

Performing restart 17
Setting annealing factor to : 1.0

Iteration: 0
ELBO: -400708.9089898525
Number of clusters used: 40

Fitting completed
ELBO: -6695.298974948963
Number of clusters used: 3

Performing restart 18
Setting annealing factor to : 1.0

Iteration: 0
ELBO: -2116011.246120138
Number of clusters used: 40

Fitting completed
ELBO: -6687.013175715825
Number of clusters used: 3

Performing restart 19
Setting annealing factor to : 1.0

Iteration: 0
ELBO: -1035441.6310473813
Number of clusters used: 40

Fitting completed
ELBO: -6691.0952336103
Number of clusters used: 3

Performing restart 20
Setting annealing factor to : 1.0

Iteration: 0
ELBO: -2853066.1707770205
Number of clusters used: 40

Fitting completed
ELBO: -6678.124931891475
Number of clusters used: 4

Performing restart 21
Setting annealing factor to : 1.0

Iteration: 0
ELBO: -3800547.497039228
Number of clusters used: 40

Fitting completed
ELBO: -6678.75980320758
Number of clusters used: 4

Performing restart 22
Setting annealing factor to : 1.0

Iteration: 0
ELBO: -995029.8136105114
Number of clusters used: 40

Fitting completed
ELBO: -6703.241492542624
Number of clusters used: 4

Performing restart 23
Setting annealing factor to : 1.0

Iteration: 0
ELBO: -656395.4105617068
Number of clusters used: 40

Fitting completed
ELBO: -6707.381717987597
Number of clusters used: 4

Performing restart 24
Setting annealing factor to : 1.0

Iteration: 0
ELBO: -413092.5722671613
Number of clusters used: 40

Iteration: 100
ELBO: -6692.230784386453
Number of clusters used: 3

Fitting completed
ELBO: -6690.235967084128
Number of clusters used: 3

Performing restart 25
Setting annealing factor to : 1.0

Iteration: 0
ELBO: -286760.4685693173
Number of clusters used: 40

Iteration: 100
ELBO: -6674.930044300482
Number of clusters used: 5

Fitting completed
ELBO: -6672.050030233746
Number of clusters used: 5

Performing restart 26
Setting annealing factor to : 1.0

Iteration: 0
ELBO: -627769.3794291564
Number of clusters used: 40

Fitting completed
ELBO: -6678.566808253989
Number of clusters used: 4

Performing restart 27
Setting annealing factor to : 1.0

Iteration: 0
ELBO: -1000512.7039003996
Number of clusters used: 40

Fitting completed
ELBO: -6683.195605187245
Number of clusters used: 4

Performing restart 28
Setting annealing factor to : 1.0

Iteration: 0
ELBO: -824287.6718690069
Number of clusters used: 40

Fitting completed
ELBO: -6697.403156152482
Number of clusters used: 5

Performing restart 29
Setting annealing factor to : 1.0

Iteration: 0
ELBO: -768003.0685652639
Number of clusters used: 40

Iteration: 100
ELBO: -6678.5968254703985
Number of clusters used: 4

Fitting completed
ELBO: -6676.253838029658
Number of clusters used: 4

Performing restart 30
Setting annealing factor to : 1.0

Iteration: 0
ELBO: -1311535.0849823034
Number of clusters used: 40

Iteration: 100
ELBO: -6708.713271021941
Number of clusters used: 4

Iteration: 200
ELBO: -6705.057941506075
Number of clusters used: 4

Iteration: 300
ELBO: -6686.426131876547
Number of clusters used: 3

Fitting completed
ELBO: -6683.0445568527375
Number of clusters used: 3

Performing restart 31
Setting annealing factor to : 1.0

Iteration: 0
ELBO: -422093.11415413726
Number of clusters used: 40

Fitting completed
ELBO: -6702.801606344063
Number of clusters used: 3

Performing restart 32
Setting annealing factor to : 1.0

Iteration: 0
ELBO: -1411448.067885843
Number of clusters used: 40

Fitting completed
ELBO: -6710.263852191165
Number of clusters used: 3

Performing restart 33
Setting annealing factor to : 1.0

Iteration: 0
ELBO: -1031068.5204497527
Number of clusters used: 40

Fitting completed
ELBO: -6676.141775545357
Number of clusters used: 5

Performing restart 34
Setting annealing factor to : 1.0

Iteration: 0
ELBO: -375619.1220788119
Number of clusters used: 40

Fitting completed
ELBO: -6679.605246909929
Number of clusters used: 4

Performing restart 35
Setting annealing factor to : 1.0

Iteration: 0
ELBO: -287020.849566317
Number of clusters used: 40

Fitting completed
ELBO: -6683.04481564234
Number of clusters used: 3

Performing restart 36
Setting annealing factor to : 1.0

Iteration: 0
ELBO: -530063.9284977393
Number of clusters used: 40

Fitting completed
ELBO: -6676.259729838446
Number of clusters used: 4

Performing restart 37
Setting annealing factor to : 1.0

Iteration: 0
ELBO: -459544.16314393893
Number of clusters used: 40

Fitting completed
ELBO: -6677.885632720783
Number of clusters used: 4

Performing restart 38
Setting annealing factor to : 1.0

Iteration: 0
ELBO: -627187.8110810065
Number of clusters used: 40

Iteration: 100
ELBO: -6674.028342743927
Number of clusters used: 5

Fitting completed
ELBO: -6672.050210367662
Number of clusters used: 5

Performing restart 39
Setting annealing factor to : 1.0

Iteration: 0
ELBO: -414205.1813033335
Number of clusters used: 40

Fitting completed
ELBO: -6696.508833555095
Number of clusters used: 6

Performing restart 40
Setting annealing factor to : 1.0

Iteration: 0
ELBO: -459892.95466614485
Number of clusters used: 40

Fitting completed
ELBO: -6678.535889805645
Number of clusters used: 4

Performing restart 41
Setting annealing factor to : 1.0

Iteration: 0
ELBO: -577358.1343383897
Number of clusters used: 40

Fitting completed
ELBO: -6686.220684194332
Number of clusters used: 4

Performing restart 42
Setting annealing factor to : 1.0

Iteration: 0
ELBO: -974710.5477588684
Number of clusters used: 40

Fitting completed
ELBO: -6682.085411201683
Number of clusters used: 4

Performing restart 43
Setting annealing factor to : 1.0

Iteration: 0
ELBO: -533257.5288356304
Number of clusters used: 40

Fitting completed
ELBO: -6678.201804634489
Number of clusters used: 4

Performing restart 44
Setting annealing factor to : 1.0

Iteration: 0
ELBO: -500508.37132258667
Number of clusters used: 40

Fitting completed
ELBO: -6704.754540819673
Number of clusters used: 4

Performing restart 45
Setting annealing factor to : 1.0

Iteration: 0
ELBO: -634167.659319123
Number of clusters used: 40

Fitting completed
ELBO: -6691.119819530222
Number of clusters used: 3

Performing restart 46
Setting annealing factor to : 1.0

Iteration: 0
ELBO: -843667.6231022434
Number of clusters used: 40

Fitting completed
ELBO: -6672.06115298588
Number of clusters used: 5

Performing restart 47
Setting annealing factor to : 1.0

Iteration: 0
ELBO: -678126.4827754529
Number of clusters used: 40

Fitting completed
ELBO: -6714.626293856759
Number of clusters used: 3

Performing restart 48
Setting annealing factor to : 1.0

Iteration: 0
ELBO: -705392.0217285057
Number of clusters used: 40

Iteration: 100
ELBO: -6689.5383691453135
Number of clusters used: 3

Fitting completed
ELBO: -6687.254702233666
Number of clusters used: 3

Performing restart 49
Setting annealing factor to : 1.0

Iteration: 0
ELBO: -382065.19434775395
Number of clusters used: 40

Fitting completed
ELBO: -6680.11945069096
Number of clusters used: 4

Performing restart 50
Setting annealing factor to : 1.0

Iteration: 0
ELBO: -383784.1184885352
Number of clusters used: 40

Fitting completed
ELBO: -6679.950353839706
Number of clusters used: 6

Performing restart 51
Setting annealing factor to : 1.0

Iteration: 0
ELBO: -1771098.6913638336
Number of clusters used: 40

Iteration: 100
ELBO: -6683.864573867574
Number of clusters used: 4

Fitting completed
ELBO: -6681.61253104279
Number of clusters used: 4

Performing restart 52
Setting annealing factor to : 1.0

Iteration: 0
ELBO: -1059943.9399886373
Number of clusters used: 40

Fitting completed
ELBO: -6681.617653251477
Number of clusters used: 4

Performing restart 53
Setting annealing factor to : 1.0

Iteration: 0
ELBO: -310068.944138111
Number of clusters used: 40

Fitting completed
ELBO: -6674.733304965429
Number of clusters used: 4

Performing restart 54
Setting annealing factor to : 1.0

Iteration: 0
ELBO: -637019.2840950353
Number of clusters used: 40

Fitting completed
ELBO: -6700.168276225841
Number of clusters used: 5

Performing restart 55
Setting annealing factor to : 1.0

Iteration: 0
ELBO: -391975.14138858457
Number of clusters used: 40

Fitting completed
ELBO: -6695.433921573518
Number of clusters used: 6

Performing restart 56
Setting annealing factor to : 1.0

Iteration: 0
ELBO: -365904.22576984455
Number of clusters used: 40

Fitting completed
ELBO: -6672.066405900045
Number of clusters used: 5

Performing restart 57
Setting annealing factor to : 1.0

Iteration: 0
ELBO: -351871.43061851367
Number of clusters used: 40

Fitting completed
ELBO: -6682.177414461279
Number of clusters used: 4

Performing restart 58
Setting annealing factor to : 1.0

Iteration: 0
ELBO: -460188.03053114394
Number of clusters used: 40

Fitting completed
ELBO: -6683.054043101231
Number of clusters used: 3

Performing restart 59
Setting annealing factor to : 1.0

Iteration: 0
ELBO: -598486.42392544
Number of clusters used: 40

Fitting completed
ELBO: -6679.458954960592
Number of clusters used: 5

Performing restart 60
Setting annealing factor to : 1.0

Iteration: 0
ELBO: -595391.1106262835
Number of clusters used: 40

Fitting completed
ELBO: -6676.167553532614
Number of clusters used: 5

Performing restart 61
Setting annealing factor to : 1.0

Iteration: 0
ELBO: -406797.9535563319
Number of clusters used: 40

Fitting completed
ELBO: -6674.71766236736
Number of clusters used: 4

Performing restart 62
Setting annealing factor to : 1.0

Iteration: 0
ELBO: -222164.09073332115
Number of clusters used: 40

Fitting completed
ELBO: -6674.702645365378
Number of clusters used: 4

Performing restart 63
Setting annealing factor to : 1.0

Iteration: 0
ELBO: -339057.24028119614
Number of clusters used: 40

Fitting completed
ELBO: -6704.783087027283
Number of clusters used: 4

Performing restart 64
Setting annealing factor to : 1.0

Iteration: 0
ELBO: -893453.2044804096
Number of clusters used: 40

Fitting completed
ELBO: -6692.681980637004
Number of clusters used: 4

Performing restart 65
Setting annealing factor to : 1.0

Iteration: 0
ELBO: -502612.99839913973
Number of clusters used: 40

Iteration: 100
ELBO: -6689.115779730373
Number of clusters used: 3

Fitting completed
ELBO: -6686.730461519929
Number of clusters used: 3

Performing restart 66
Setting annealing factor to : 1.0

Iteration: 0
ELBO: -282826.7516415236
Number of clusters used: 40

Fitting completed
ELBO: -6686.9652684644
Number of clusters used: 3

Performing restart 67
Setting annealing factor to : 1.0

Iteration: 0
ELBO: -494480.6415485272
Number of clusters used: 40

Fitting completed
ELBO: -6679.908412135543
Number of clusters used: 5

Performing restart 68
Setting annealing factor to : 1.0

Iteration: 0
ELBO: -523215.5202096951
Number of clusters used: 40

Fitting completed
ELBO: -6687.501705948607
Number of clusters used: 3

Performing restart 69
Setting annealing factor to : 1.0

Iteration: 0
ELBO: -315167.01006456395
Number of clusters used: 40

Fitting completed
ELBO: -6676.2552052226
Number of clusters used: 4

Performing restart 70
Setting annealing factor to : 1.0

Iteration: 0
ELBO: -553129.6072609245
Number of clusters used: 40

Iteration: 100
ELBO: -6683.121400682985
Number of clusters used: 4

Fitting completed
ELBO: -6680.511482529577
Number of clusters used: 4

Performing restart 71
Setting annealing factor to : 1.0

Iteration: 0
ELBO: -492400.55520868197
Number of clusters used: 40

Fitting completed
ELBO: -6679.601492092436
Number of clusters used: 4

Performing restart 72
Setting annealing factor to : 1.0

Iteration: 0
ELBO: -1290553.870797947
Number of clusters used: 40

Fitting completed
ELBO: -6674.703780982427
Number of clusters used: 4

Performing restart 73
Setting annealing factor to : 1.0

Iteration: 0
ELBO: -522737.5475056153
Number of clusters used: 40

Fitting completed
ELBO: -6674.733332719526
Number of clusters used: 4

Performing restart 74
Setting annealing factor to : 1.0

Iteration: 0
ELBO: -1361330.57289209
Number of clusters used: 40

Fitting completed
ELBO: -6712.130903733864
Number of clusters used: 4

Performing restart 75
Setting annealing factor to : 1.0

Iteration: 0
ELBO: -761140.2961239609
Number of clusters used: 40

Fitting completed
ELBO: -6686.501591556999
Number of clusters used: 3

Performing restart 76
Setting annealing factor to : 1.0

Iteration: 0
ELBO: -418831.3053687027
Number of clusters used: 40

Fitting completed
ELBO: -6673.619515907105
Number of clusters used: 5

Performing restart 77
Setting annealing factor to : 1.0

Iteration: 0
ELBO: -832905.4413162918
Number of clusters used: 40

Fitting completed
ELBO: -6687.012471111901
Number of clusters used: 3

Performing restart 78
Setting annealing factor to : 1.0

Iteration: 0
ELBO: -1689376.8341444156
Number of clusters used: 40

Fitting completed
ELBO: -6687.483824221673
Number of clusters used: 3

Performing restart 79
Setting annealing factor to : 1.0

Iteration: 0
ELBO: -910096.3021169627
Number of clusters used: 40

Fitting completed
ELBO: -6683.05836187898
Number of clusters used: 3

Performing restart 80
Setting annealing factor to : 1.0

Iteration: 0
ELBO: -307381.0286547464
Number of clusters used: 40

Fitting completed
ELBO: -6688.778375039026
Number of clusters used: 7

Performing restart 81
Setting annealing factor to : 1.0

Iteration: 0
ELBO: -1073417.2280913943
Number of clusters used: 40

Fitting completed
ELBO: -6672.066440322961
Number of clusters used: 5

Performing restart 82
Setting annealing factor to : 1.0

Iteration: 0
ELBO: -619869.8082995501
Number of clusters used: 40

Fitting completed
ELBO: -6681.838531599506
Number of clusters used: 4

Performing restart 83
Setting annealing factor to : 1.0

Iteration: 0
ELBO: -617094.78572436
Number of clusters used: 40

Iteration: 100
ELBO: -6690.7646332284285
Number of clusters used: 3

Fitting completed
ELBO: -6690.727986214231
Number of clusters used: 3

Performing restart 84
Setting annealing factor to : 1.0

Iteration: 0
ELBO: -806135.8399234675
Number of clusters used: 40

Iteration: 100
ELBO: -6682.7974620352015
Number of clusters used: 4

Fitting completed
ELBO: -6678.132054499781
Number of clusters used: 4

Performing restart 85
Setting annealing factor to : 1.0

Iteration: 0
ELBO: -1315938.6522817358
Number of clusters used: 40

Iteration: 100
ELBO: -6679.775925725245
Number of clusters used: 4

Fitting completed
ELBO: -6677.75880006078
Number of clusters used: 4

Performing restart 86
Setting annealing factor to : 1.0

Iteration: 0
ELBO: -649976.7366889558
Number of clusters used: 40

Fitting completed
ELBO: -6683.05852697647
Number of clusters used: 3

Performing restart 87
Setting annealing factor to : 1.0

Iteration: 0
ELBO: -668399.1228404897
Number of clusters used: 40

Fitting completed
ELBO: -6677.244633820621
Number of clusters used: 6

Performing restart 88
Setting annealing factor to : 1.0

Iteration: 0
ELBO: -757666.5376236405
Number of clusters used: 40

Fitting completed
ELBO: -6683.057783388375
Number of clusters used: 3

Performing restart 89
Setting annealing factor to : 1.0

Iteration: 0
ELBO: -829507.7691921986
Number of clusters used: 40

Iteration: 100
ELBO: -6702.919260344834
Number of clusters used: 5

Iteration: 200
ELBO: -6690.922032379827
Number of clusters used: 5

Fitting completed
ELBO: -6678.789585659057
Number of clusters used: 4

Performing restart 90
Setting annealing factor to : 1.0

Iteration: 0
ELBO: -788464.9221687429
Number of clusters used: 40

Fitting completed
ELBO: -6677.896005326627
Number of clusters used: 4

Performing restart 91
Setting annealing factor to : 1.0

Iteration: 0
ELBO: -339799.49080764997
Number of clusters used: 40

Fitting completed
ELBO: -6678.503958202586
Number of clusters used: 4

Performing restart 92
Setting annealing factor to : 1.0

Iteration: 0
ELBO: -562581.7628116886
Number of clusters used: 40

Fitting completed
ELBO: -6708.279215155681
Number of clusters used: 4

Performing restart 93
Setting annealing factor to : 1.0

Iteration: 0
ELBO: -531617.2161752499
Number of clusters used: 40

Fitting completed
ELBO: -6683.044334452193
Number of clusters used: 3

Performing restart 94
Setting annealing factor to : 1.0

Iteration: 0
ELBO: -940302.0873237621
Number of clusters used: 40

Fitting completed
ELBO: -6682.046547334325
Number of clusters used: 4

Performing restart 95
Setting annealing factor to : 1.0

Iteration: 0
ELBO: -468984.4448867856
Number of clusters used: 40

Fitting completed
ELBO: -6692.483153817969
Number of clusters used: 4

Performing restart 96
Setting annealing factor to : 1.0

Iteration: 0
ELBO: -471035.1877456728
Number of clusters used: 40

Fitting completed
ELBO: -6677.902855630857
Number of clusters used: 4

Performing restart 97
Setting annealing factor to : 1.0

Iteration: 0
ELBO: -667575.2573244591
Number of clusters used: 40

Fitting completed
ELBO: -6689.826737625835
Number of clusters used: 6

Performing restart 98
Setting annealing factor to : 1.0

Iteration: 0
ELBO: -543344.2284287653
Number of clusters used: 40

Fitting completed
ELBO: -6686.941027330753
Number of clusters used: 4

Performing restart 99
Setting annealing factor to : 1.0

Iteration: 0
ELBO: -386954.1607075078
Number of clusters used: 40

Iteration: 100
ELBO: -6686.636782871759
Number of clusters used: 6

Fitting completed
ELBO: -6675.858195428056
Number of clusters used: 5

All restarts completed
Final ELBO: -6672.050030233746
Number of clusters used: 5
