Removing 360 mutations with major copy number zero
Tumour content column not found. Setting values to 1.0.

Samples: CHORANGIOMA NORM_VILLI
Num mutations: 35334
Performing restart 0
Setting annealing factor to : 1.0

Iteration: 0
ELBO: -3848112.2554538613
Number of clusters used: 40

Fitting completed
ELBO: -65803.51895851277
Number of clusters used: 3

Performing restart 1
Setting annealing factor to : 1.0

Iteration: 0
ELBO: -7513422.068916355
Number of clusters used: 40

Fitting completed
ELBO: -65833.34921518115
Number of clusters used: 3

Performing restart 2
Setting annealing factor to : 1.0

Iteration: 0
ELBO: -8055929.609952418
Number of clusters used: 40

Fitting completed
ELBO: -65824.19395051758
Number of clusters used: 2

Performing restart 3
Setting annealing factor to : 1.0

Iteration: 0
ELBO: -6215474.035968134
Number of clusters used: 40

Fitting completed
ELBO: -65821.69818702208
Number of clusters used: 2

Performing restart 4
Setting annealing factor to : 1.0

Iteration: 0
ELBO: -29821111.947410136
Number of clusters used: 40

Fitting completed
ELBO: -65815.91610171639
Number of clusters used: 3

Performing restart 5
Setting annealing factor to : 1.0

Iteration: 0
ELBO: -6497045.090743602
Number of clusters used: 40

Fitting completed
ELBO: -65823.78236830622
Number of clusters used: 2

Performing restart 6
Setting annealing factor to : 1.0

Iteration: 0
ELBO: -3023514.6246251184
Number of clusters used: 40

Fitting completed
ELBO: -65824.33372669441
Number of clusters used: 3

Performing restart 7
Setting annealing factor to : 1.0

Iteration: 0
ELBO: -13077424.86791348
Number of clusters used: 40

Fitting completed
ELBO: -65837.03544710149
Number of clusters used: 2

Performing restart 8
Setting annealing factor to : 1.0

Iteration: 0
ELBO: -5239800.218980927
Number of clusters used: 40

Fitting completed
ELBO: -65823.39956226191
Number of clusters used: 3

Performing restart 9
Setting annealing factor to : 1.0

Iteration: 0
ELBO: -8334832.367370818
Number of clusters used: 40

Fitting completed
ELBO: -65806.92284542028
Number of clusters used: 3

Performing restart 10
Setting annealing factor to : 1.0

Iteration: 0
ELBO: -4163302.606597936
Number of clusters used: 40

Fitting completed
ELBO: -65815.42817055412
Number of clusters used: 2

Performing restart 11
Setting annealing factor to : 1.0

Iteration: 0
ELBO: -4064137.2890192135
Number of clusters used: 40

Fitting completed
ELBO: -65829.90681280257
Number of clusters used: 2

Performing restart 12
Setting annealing factor to : 1.0

Iteration: 0
ELBO: -6482319.465520556
Number of clusters used: 40

Fitting completed
ELBO: -65822.10144255581
Number of clusters used: 2

Performing restart 13
Setting annealing factor to : 1.0

Iteration: 0
ELBO: -6056081.099574493
Number of clusters used: 40

Fitting completed
ELBO: -65830.40682149767
Number of clusters used: 3

Performing restart 14
Setting annealing factor to : 1.0

Iteration: 0
ELBO: -7276771.35389794
Number of clusters used: 40

Fitting completed
ELBO: -65821.64619211956
Number of clusters used: 2

Performing restart 15
Setting annealing factor to : 1.0

Iteration: 0
ELBO: -13922611.184448306
Number of clusters used: 40

Fitting completed
ELBO: -65812.77356934204
Number of clusters used: 2

Performing restart 16
Setting annealing factor to : 1.0

Iteration: 0
ELBO: -6237384.051034017
Number of clusters used: 40

Fitting completed
ELBO: -65824.93466080423
Number of clusters used: 2

Performing restart 17
Setting annealing factor to : 1.0

Iteration: 0
ELBO: -2764687.3412775113
Number of clusters used: 40

Fitting completed
ELBO: -65815.77040953464
Number of clusters used: 2

Performing restart 18
Setting annealing factor to : 1.0

Iteration: 0
ELBO: -10258369.516601365
Number of clusters used: 40

Fitting completed
ELBO: -65819.79009947105
Number of clusters used: 2

Performing restart 19
Setting annealing factor to : 1.0

Iteration: 0
ELBO: -7019007.837022739
Number of clusters used: 40

Fitting completed
ELBO: -65821.91720935157
Number of clusters used: 3

Performing restart 20
Setting annealing factor to : 1.0

Iteration: 0
ELBO: -6240090.145216872
Number of clusters used: 40

Fitting completed
ELBO: -65790.81804556033
Number of clusters used: 2

Performing restart 21
Setting annealing factor to : 1.0

Iteration: 0
ELBO: -8186821.731833186
Number of clusters used: 40

Fitting completed
ELBO: -65802.76304631558
Number of clusters used: 3

Performing restart 22
Setting annealing factor to : 1.0

Iteration: 0
ELBO: -6817048.620775048
Number of clusters used: 40

Fitting completed
ELBO: -65828.0490157867
Number of clusters used: 2

Performing restart 23
Setting annealing factor to : 1.0

Iteration: 0
ELBO: -8547403.54176796
Number of clusters used: 40

Fitting completed
ELBO: -65826.21693312463
Number of clusters used: 2

Performing restart 24
Setting annealing factor to : 1.0

Iteration: 0
ELBO: -3944698.5004904666
Number of clusters used: 40

Fitting completed
ELBO: -65813.32890267586
Number of clusters used: 2

Performing restart 25
Setting annealing factor to : 1.0

Iteration: 0
ELBO: -7832174.665436528
Number of clusters used: 40

Fitting completed
ELBO: -65826.77725886827
Number of clusters used: 2

Performing restart 26
Setting annealing factor to : 1.0

Iteration: 0
ELBO: -4223706.614651447
Number of clusters used: 40

Fitting completed
ELBO: -65821.98490172591
Number of clusters used: 2

Performing restart 27
Setting annealing factor to : 1.0

Iteration: 0
ELBO: -5496082.458396064
Number of clusters used: 40

Fitting completed
ELBO: -65831.68075374712
Number of clusters used: 2

Performing restart 28
Setting annealing factor to : 1.0

Iteration: 0
ELBO: -9314482.210809462
Number of clusters used: 40

Fitting completed
ELBO: -65819.97940986091
Number of clusters used: 2

Performing restart 29
Setting annealing factor to : 1.0

Iteration: 0
ELBO: -6032560.289846222
Number of clusters used: 40

Fitting completed
ELBO: -65814.30325283045
Number of clusters used: 2

Performing restart 30
Setting annealing factor to : 1.0

Iteration: 0
ELBO: -15062369.057122024
Number of clusters used: 40

Fitting completed
ELBO: -65828.84389372796
Number of clusters used: 2

Performing restart 31
Setting annealing factor to : 1.0

Iteration: 0
ELBO: -6951330.881481052
Number of clusters used: 40

Fitting completed
ELBO: -65823.90884459144
Number of clusters used: 2

Performing restart 32
Setting annealing factor to : 1.0

Iteration: 0
ELBO: -5260472.832832416
Number of clusters used: 40

Fitting completed
ELBO: -65820.24288936389
Number of clusters used: 3

Performing restart 33
Setting annealing factor to : 1.0

Iteration: 0
ELBO: -40612388.89210833
Number of clusters used: 40

Fitting completed
ELBO: -65826.47106597933
Number of clusters used: 2

Performing restart 34
Setting annealing factor to : 1.0

Iteration: 0
ELBO: -6366041.784498573
Number of clusters used: 40

Fitting completed
ELBO: -65816.0889331323
Number of clusters used: 3

Performing restart 35
Setting annealing factor to : 1.0

Iteration: 0
ELBO: -11968894.443082217
Number of clusters used: 40

Fitting completed
ELBO: -65831.49423868526
Number of clusters used: 3

Performing restart 36
Setting annealing factor to : 1.0

Iteration: 0
ELBO: -6318514.28041077
Number of clusters used: 40

Fitting completed
ELBO: -65823.372520085
Number of clusters used: 2

Performing restart 37
Setting annealing factor to : 1.0

Iteration: 0
ELBO: -4238130.236321704
Number of clusters used: 40

Fitting completed
ELBO: -65826.66903287968
Number of clusters used: 2

Performing restart 38
Setting annealing factor to : 1.0

Iteration: 0
ELBO: -3572236.3589981045
Number of clusters used: 40

Fitting completed
ELBO: -65816.91720832101
Number of clusters used: 2

Performing restart 39
Setting annealing factor to : 1.0

Iteration: 0
ELBO: -4707517.506811115
Number of clusters used: 40

Fitting completed
ELBO: -65821.33411675118
Number of clusters used: 2

Performing restart 40
Setting annealing factor to : 1.0

Iteration: 0
ELBO: -79870326.26276082
Number of clusters used: 40

Fitting completed
ELBO: -65819.2750936806
Number of clusters used: 3

Performing restart 41
Setting annealing factor to : 1.0

Iteration: 0
ELBO: -6130491.123553258
Number of clusters used: 40

Fitting completed
ELBO: -65812.61234160897
Number of clusters used: 3

Performing restart 42
Setting annealing factor to : 1.0

Iteration: 0
ELBO: -8556258.399682622
Number of clusters used: 40

Fitting completed
ELBO: -65826.68562475737
Number of clusters used: 2

Performing restart 43
Setting annealing factor to : 1.0

Iteration: 0
ELBO: -2788742.1638006875
Number of clusters used: 40

Fitting completed
ELBO: -65817.07730457454
Number of clusters used: 2

Performing restart 44
Setting annealing factor to : 1.0

Iteration: 0
ELBO: -12255429.377644222
Number of clusters used: 40

Fitting completed
ELBO: -65813.24988430098
Number of clusters used: 3

Performing restart 45
Setting annealing factor to : 1.0

Iteration: 0
ELBO: -8961467.424460525
Number of clusters used: 40

Fitting completed
ELBO: -65821.9734260957
Number of clusters used: 2

Performing restart 46
Setting annealing factor to : 1.0

Iteration: 0
ELBO: -2959783.3000975223
Number of clusters used: 40

Fitting completed
ELBO: -65826.6811507822
Number of clusters used: 2

Performing restart 47
Setting annealing factor to : 1.0

Iteration: 0
ELBO: -6465057.470048905
Number of clusters used: 40

Fitting completed
ELBO: -65811.25427223253
Number of clusters used: 3

Performing restart 48
Setting annealing factor to : 1.0

Iteration: 0
ELBO: -5460543.082121465
Number of clusters used: 40

Fitting completed
ELBO: -65810.21926218156
Number of clusters used: 2

Performing restart 49
Setting annealing factor to : 1.0

Iteration: 0
ELBO: -5441408.953958668
Number of clusters used: 40

Fitting completed
ELBO: -65831.50781243658
Number of clusters used: 2

Performing restart 50
Setting annealing factor to : 1.0

Iteration: 0
ELBO: -9698089.610094236
Number of clusters used: 40

Fitting completed
ELBO: -65814.6138456762
Number of clusters used: 2

Performing restart 51
Setting annealing factor to : 1.0

Iteration: 0
ELBO: -4227062.340500814
Number of clusters used: 40

Fitting completed
ELBO: -65818.96143081771
Number of clusters used: 2

Performing restart 52
Setting annealing factor to : 1.0

Iteration: 0
ELBO: -4632893.221622952
Number of clusters used: 40

Fitting completed
ELBO: -65816.90620800912
Number of clusters used: 2

Performing restart 53
Setting annealing factor to : 1.0

Iteration: 0
ELBO: -6162079.490420776
Number of clusters used: 40

Fitting completed
ELBO: -65831.51647873764
Number of clusters used: 2

Performing restart 54
Setting annealing factor to : 1.0

Iteration: 0
ELBO: -4293027.850871493
Number of clusters used: 40

Fitting completed
ELBO: -65820.47881623816
Number of clusters used: 2

Performing restart 55
Setting annealing factor to : 1.0

Iteration: 0
ELBO: -2921935.087966957
Number of clusters used: 40

Fitting completed
ELBO: -65817.78902480798
Number of clusters used: 2

Performing restart 56
Setting annealing factor to : 1.0

Iteration: 0
ELBO: -3914925.2956093107
Number of clusters used: 40

Fitting completed
ELBO: -65790.16677442181
Number of clusters used: 2

Performing restart 57
Setting annealing factor to : 1.0

Iteration: 0
ELBO: -15242927.938741777
Number of clusters used: 40

Fitting completed
ELBO: -65826.07452053242
Number of clusters used: 2

Performing restart 58
Setting annealing factor to : 1.0

Iteration: 0
ELBO: -8332341.940677013
Number of clusters used: 40

Fitting completed
ELBO: -65818.66561662147
Number of clusters used: 2

Performing restart 59
Setting annealing factor to : 1.0

Iteration: 0
ELBO: -24876304.70950523
Number of clusters used: 40

Fitting completed
ELBO: -65821.68487344494
Number of clusters used: 2

Performing restart 60
Setting annealing factor to : 1.0

Iteration: 0
ELBO: -8740158.911843408
Number of clusters used: 40

Fitting completed
ELBO: -65822.85409384716
Number of clusters used: 3

Performing restart 61
Setting annealing factor to : 1.0

Iteration: 0
ELBO: -6268167.955743468
Number of clusters used: 40

Fitting completed
ELBO: -65831.7177359116
Number of clusters used: 2

Performing restart 62
Setting annealing factor to : 1.0

Iteration: 0
ELBO: -13108386.551998869
Number of clusters used: 40

Fitting completed
ELBO: -65820.0257263595
Number of clusters used: 3

Performing restart 63
Setting annealing factor to : 1.0

Iteration: 0
ELBO: -23950219.677623432
Number of clusters used: 40

Fitting completed
ELBO: -65820.05537952484
Number of clusters used: 2

Performing restart 64
Setting annealing factor to : 1.0

Iteration: 0
ELBO: -3688123.919897499
Number of clusters used: 40

Fitting completed
ELBO: -65821.05241916934
Number of clusters used: 3

Performing restart 65
Setting annealing factor to : 1.0

Iteration: 0
ELBO: -11622685.295644771
Number of clusters used: 40

Fitting completed
ELBO: -65823.63395736815
Number of clusters used: 2

Performing restart 66
Setting annealing factor to : 1.0

Iteration: 0
ELBO: -3914132.1195211946
Number of clusters used: 40

Fitting completed
ELBO: -65813.04655728365
Number of clusters used: 2

Performing restart 67
Setting annealing factor to : 1.0

Iteration: 0
ELBO: -5831295.595801038
Number of clusters used: 40

Fitting completed
ELBO: -65818.22226352591
Number of clusters used: 3

Performing restart 68
Setting annealing factor to : 1.0

Iteration: 0
ELBO: -4588591.873189233
Number of clusters used: 40

Fitting completed
ELBO: -65814.96265519601
Number of clusters used: 2

Performing restart 69
Setting annealing factor to : 1.0

Iteration: 0
ELBO: -7285260.420369935
Number of clusters used: 40

Fitting completed
ELBO: -65828.0626714108
Number of clusters used: 2

Performing restart 70
Setting annealing factor to : 1.0

Iteration: 0
ELBO: -11188756.09001134
Number of clusters used: 40

Fitting completed
ELBO: -65814.92176684535
Number of clusters used: 2

Performing restart 71
Setting annealing factor to : 1.0

Iteration: 0
ELBO: -30314222.962405574
Number of clusters used: 40

Fitting completed
ELBO: -65823.36041145008
Number of clusters used: 2

Performing restart 72
Setting annealing factor to : 1.0

Iteration: 0
ELBO: -4201162.00732209
Number of clusters used: 40

Fitting completed
ELBO: -65815.23784652977
Number of clusters used: 2

Performing restart 73
Setting annealing factor to : 1.0

Iteration: 0
ELBO: -4914369.239101946
Number of clusters used: 40

Fitting completed
ELBO: -65821.59544421089
Number of clusters used: 2

Performing restart 74
Setting annealing factor to : 1.0

Iteration: 0
ELBO: -4221569.376526034
Number of clusters used: 40

Fitting completed
ELBO: -65819.78651877987
Number of clusters used: 3

Performing restart 75
Setting annealing factor to : 1.0

Iteration: 0
ELBO: -3451498.1400790275
Number of clusters used: 40

Fitting completed
ELBO: -65819.36736422223
Number of clusters used: 3

Performing restart 76
Setting annealing factor to : 1.0

Iteration: 0
ELBO: -5907418.840518808
Number of clusters used: 40

Fitting completed
ELBO: -65819.01415192011
Number of clusters used: 3

Performing restart 77
Setting annealing factor to : 1.0

Iteration: 0
ELBO: -11292425.71045862
Number of clusters used: 40

Fitting completed
ELBO: -65834.37500085126
Number of clusters used: 3

Performing restart 78
Setting annealing factor to : 1.0

Iteration: 0
ELBO: -67824645.44257349
Number of clusters used: 40

Fitting completed
ELBO: -65824.08279230162
Number of clusters used: 2

Performing restart 79
Setting annealing factor to : 1.0

Iteration: 0
ELBO: -168283495.0055277
Number of clusters used: 40

Fitting completed
ELBO: -65811.12988528913
Number of clusters used: 3

Performing restart 80
Setting annealing factor to : 1.0

Iteration: 0
ELBO: -7320052.925565495
Number of clusters used: 40

Fitting completed
ELBO: -65808.34847292198
Number of clusters used: 2

Performing restart 81
Setting annealing factor to : 1.0

Iteration: 0
ELBO: -8513113.352042476
Number of clusters used: 40

Fitting completed
ELBO: -65818.7442974087
Number of clusters used: 3

Performing restart 82
Setting annealing factor to : 1.0

Iteration: 0
ELBO: -7656559.810865469
Number of clusters used: 40

Fitting completed
ELBO: -65816.54855438552
Number of clusters used: 3

Performing restart 83
Setting annealing factor to : 1.0

Iteration: 0
ELBO: -13500412.269254187
Number of clusters used: 40

Fitting completed
ELBO: -65819.2620470726
Number of clusters used: 2

Performing restart 84
Setting annealing factor to : 1.0

Iteration: 0
ELBO: -10944601.376714034
Number of clusters used: 40

Fitting completed
ELBO: -65817.43730569685
Number of clusters used: 2

Performing restart 85
Setting annealing factor to : 1.0

Iteration: 0
ELBO: -16562155.180019163
Number of clusters used: 40

Fitting completed
ELBO: -65818.21355807444
Number of clusters used: 2

Performing restart 86
Setting annealing factor to : 1.0

Iteration: 0
ELBO: -6404577.0237714425
Number of clusters used: 40

Fitting completed
ELBO: -65813.84272330454
Number of clusters used: 3

Performing restart 87
Setting annealing factor to : 1.0

Iteration: 0
ELBO: -6366536.1734702755
Number of clusters used: 40

Fitting completed
ELBO: -65809.70414402094
Number of clusters used: 2

Performing restart 88
Setting annealing factor to : 1.0

Iteration: 0
ELBO: -6538412.2423780905
Number of clusters used: 40

Fitting completed
ELBO: -65826.8910115594
Number of clusters used: 2

Performing restart 89
Setting annealing factor to : 1.0

Iteration: 0
ELBO: -4007599.65225447
Number of clusters used: 40

Fitting completed
ELBO: -65816.6252802667
Number of clusters used: 2

Performing restart 90
Setting annealing factor to : 1.0

Iteration: 0
ELBO: -10243902.211028231
Number of clusters used: 40

Fitting completed
ELBO: -65827.25151215741
Number of clusters used: 3

Performing restart 91
Setting annealing factor to : 1.0

Iteration: 0
ELBO: -6448492.783281409
Number of clusters used: 40

Fitting completed
ELBO: -65822.08221045352
Number of clusters used: 2

Performing restart 92
Setting annealing factor to : 1.0

Iteration: 0
ELBO: -11534742.723882424
Number of clusters used: 40

Fitting completed
ELBO: -65826.27588583919
Number of clusters used: 2

Performing restart 93
Setting annealing factor to : 1.0

Iteration: 0
ELBO: -4749841.7887641555
Number of clusters used: 40

Fitting completed
ELBO: -65819.12824733567
Number of clusters used: 2

Performing restart 94
Setting annealing factor to : 1.0

Iteration: 0
ELBO: -4405621.39953615
Number of clusters used: 40

Fitting completed
ELBO: -65811.1699934582
Number of clusters used: 2

Performing restart 95
Setting annealing factor to : 1.0

Iteration: 0
ELBO: -20149729.10624028
Number of clusters used: 40

Fitting completed
ELBO: -65816.73723751435
Number of clusters used: 2

Performing restart 96
Setting annealing factor to : 1.0

Iteration: 0
ELBO: -5393214.154362681
Number of clusters used: 40

Fitting completed
ELBO: -65824.7791121876
Number of clusters used: 2

Performing restart 97
Setting annealing factor to : 1.0

Iteration: 0
ELBO: -7902714.621257382
Number of clusters used: 40

Fitting completed
ELBO: -65823.86080225704
Number of clusters used: 2

Performing restart 98
Setting annealing factor to : 1.0

Iteration: 0
ELBO: -11122473.535937898
Number of clusters used: 40

Fitting completed
ELBO: -65828.54424040136
Number of clusters used: 2

Performing restart 99
Setting annealing factor to : 1.0

Iteration: 0
ELBO: -7262619.3276156625
Number of clusters used: 40

Fitting completed
ELBO: -65832.37066356698
Number of clusters used: 2

All restarts completed
Final ELBO: -65790.16677442181
Number of clusters used: 2
